2015-04-29 12:57:50 INFO  TestWorker:31 - TestujeRepo
2015-04-29 12:57:50 INFO  PortalWorker:13 - Backend Workers' has started!
2015-04-29 12:57:51 INFO  TestWorker:33 - TestujeRepo
2015-04-29 12:57:52 INFO  TestWorker:35 - 0
2015-04-29 12:58:00 INFO  Worker:44 - Workers are alive @ Wed Apr 29 12:58:00 CEST 2015
------------------------------------------
2015-04-29 12:58:02 INFO  TestWorker:31 - TestujeRepo
2015-04-29 12:58:03 INFO  TestWorker:33 - TestujeRepo
2015-04-29 12:58:04 INFO  TestWorker:35 - 0
2015-04-29 12:58:14 INFO  TestWorker:31 - TestujeRepo
2015-04-29 12:58:16 INFO  TestWorker:33 - TestujeRepo
2015-04-29 12:58:17 INFO  TestWorker:35 - 0
2015-04-29 12:58:27 INFO  TestWorker:31 - TestujeRepo
2015-04-29 12:58:28 INFO  TestWorker:33 - TestujeRepo
2015-04-29 12:58:28 INFO  TestWorker:35 - 0
2015-04-29 12:58:38 INFO  TestWorker:31 - TestujeRepo
2015-04-29 12:58:39 INFO  TestWorker:33 - TestujeRepo
2015-04-29 12:58:40 INFO  TestWorker:35 - 0
2015-04-29 12:58:50 INFO  TestWorker:31 - TestujeRepo
2015-04-29 12:58:52 INFO  TestWorker:33 - TestujeRepo
2015-04-29 12:58:53 INFO  TestWorker:35 - 0
2015-04-29 12:59:00 INFO  Worker:44 - Workers are alive @ Wed Apr 29 12:59:00 CEST 2015
------------------------------------------
2015-04-29 12:59:03 INFO  TestWorker:31 - TestujeRepo
2015-04-29 12:59:05 INFO  TestWorker:33 - TestujeRepo
2015-04-29 12:59:05 INFO  TestWorker:35 - 0
2015-04-29 12:59:15 INFO  TestWorker:31 - TestujeRepo
2015-04-29 12:59:17 INFO  TestWorker:33 - TestujeRepo
2015-04-29 12:59:17 INFO  TestWorker:35 - 0
2015-04-29 13:06:38 INFO  GoAhead:58 - Uruchamiam Go Ahead
2015-04-29 13:06:38 INFO  PortalWorker:13 - Backend Workers' has started!
2015-04-29 13:07:28 INFO  GoAhead:58 - Uruchamiam Go Ahead
2015-04-29 13:07:28 INFO  PortalWorker:13 - Backend Workers' has started!
2015-04-29 13:08:00 INFO  Worker:44 - Workers are alive @ Wed Apr 29 13:08:00 CEST 2015
------------------------------------------
2015-04-29 13:08:42 INFO  GoAhead:58 - Uruchamiam Go Ahead
2015-04-29 13:08:42 INFO  PortalWorker:13 - Backend Workers' has started!
2015-04-29 13:12:32 INFO  GoAhead:58 - Uruchamiam Go Ahead
2015-04-29 13:12:32 INFO  PortalWorker:13 - Backend Workers' has started!
2015-04-29 13:13:00 INFO  Worker:44 - Workers are alive @ Wed Apr 29 13:13:00 CEST 2015
------------------------------------------
2015-04-29 13:14:20 INFO  GoAhead:58 - Uruchamiam Go Ahead
2015-04-29 13:14:20 INFO  PortalWorker:13 - Backend Workers' has started!
2015-04-29 13:16:10 INFO  GoAhead:58 - Uruchamiam Go Ahead
2015-04-29 13:16:10 INFO  PortalWorker:13 - Backend Workers' has started!
2015-04-29 13:18:30 INFO  GoAhead:58 - Uruchamiam Go Ahead
2015-04-29 13:18:30 INFO  PortalWorker:13 - Backend Workers' has started!
2015-04-29 13:19:31 INFO  ParserWorker:65 - (+) GOAH Gdańsk       / Sopot ERGO ARENA   SEAWAVE FESTIVAL: ODWOŁANY              
2015-04-29 13:58:07 INFO  GoAhead:58 - Uruchamiam Go Ahead
2015-04-29 13:58:07 INFO  PortalWorker:13 - Backend Workers' has started!
2015-04-29 13:58:11 INFO  ParserWorker:67 - (+) GOAH Gdańsk       / Sopot ERGO ARENA   SEAWAVE FESTIVAL: ODWOŁANY              
2015-04-29 13:58:14 INFO  ParserWorker:67 - (+) GOAH Poznań       Pod Minogą           THE REAL MCKENZIES                      
2015-04-29 13:58:16 INFO  ParserWorker:67 - (+) GOAH Poznań       Pod Minogą           MAN WITHOUT COUNTRY                     
2015-04-29 13:58:19 INFO  ParserWorker:67 - (+) GOAH Warszawa     Proxima              BEATSTEAKS                              
2015-04-29 13:58:21 INFO  ParserWorker:67 - (+) GOAH Kraków       Hala Wisły           ROCK IN SUMMER: LIMP BIZKIT             
2015-04-29 13:58:24 INFO  ParserWorker:67 - (+) GOAH Warszawa     Hydrozagadka         LA DISPUTE                              
2015-04-29 13:58:27 INFO  ParserWorker:67 - (+) GOAH Warszawa     Amfiteatr w Parku So ROCK IN SUMMER: BODY COUNT FEAT. ICE-T /
2015-04-29 13:58:35 INFO  ParserWorker:67 - (+) GOAH Warszawa     Proxima              THE GASLIGHT ANTHEM                     
2015-04-29 13:58:41 INFO  ParserWorker:67 - (+) GOAH Warszawa     Hydrozagadka         THE BLACK DAHLIA MURDER                 
2015-04-29 13:58:49 INFO  ParserWorker:67 - (+) GOAH Wrocław      Liverpool            THE BLACK DAHLIA MURDER                 
2015-04-29 13:58:52 INFO  ParserWorker:67 - (+) GOAH Wrocław      Liverpool            SUICIDE SILENCE                         
2015-04-29 13:58:55 INFO  ParserWorker:67 - (+) GOAH Poznań       Pod Minogą           SUICIDE SILENCE                         
2015-04-29 13:58:57 INFO  ParserWorker:67 - (+) GOAH Warszawa     Palladium            PASSENGER                               
2015-04-29 13:59:00 INFO  ParserWorker:67 - (+) GOAH Warszawa     Hydrozagadka         THE SMITH STREET BAND                   
2015-04-29 13:59:02 INFO  ParserWorker:67 - (+) GOAH Poznań       Pod Minogą           THE SMITH STREET BAND                   
2015-04-29 13:59:05 INFO  ParserWorker:67 - (+) GOAH Warszawa     Hydrozagadka         THE MENZINGERS                          
2015-04-29 13:59:08 INFO  ParserWorker:67 - (+) GOAH Poznań       Sala Wielka CK Zamek MARK LANEGAN BAND                       
2015-04-29 13:59:11 INFO  ParserWorker:67 - (+) GOAH Gdańsk       B90                  MATISYAHU                               
2015-04-29 13:59:13 INFO  ParserWorker:67 - (+) GOAH Wrocław      Eter                 MATISYAHU                               
2015-04-29 13:59:15 INFO  ParserWorker:67 - (+) GOAH Gdańsk       B90                  MACHINE HEAD                            
2015-04-29 13:59:18 INFO  ParserWorker:67 - (+) GOAH Warszawa     Progresja            MACHINE HEAD                            
2015-04-29 13:59:24 INFO  ParserWorker:67 - (+) GOAH Kraków       Fabryka              MACHINE HEAD                            
2015-04-29 13:59:27 INFO  ParserWorker:67 - (+) GOAH Warszawa     Torwar               APOCALYPTICA                            
2015-04-29 13:59:31 INFO  ParserWorker:67 - (+) GOAH Kraków       Teatr Łaźnia Nowa    APOCALYPTICA                            
2015-04-29 13:59:33 INFO  ParserWorker:67 - (+) GOAH Warszawa     Torwar               JOE SATRIANI                            
2015-04-29 13:59:36 INFO  ParserWorker:67 - (+) GOAH Poznań       Eskulap              SNARKY PUPPY                            
2015-04-29 13:59:39 INFO  ParserWorker:67 - (+) GOAH Warszawa     Palladium            SNARKY PUPPY                            
2015-04-29 13:59:42 INFO  ParserWorker:67 - (+) GOAH Warszawa     Progresja            EDITORS                                 
2015-04-29 13:59:45 INFO  ParserWorker:67 - (+) GOAH Poznań       Hala nr 2 MTP        EDITORS                                 
2015-04-29 13:59:45 INFO  GoAhead:61 - Skończyłem
2015-04-29 13:59:45 INFO  Worker:44 - Workers are alive @ Wed Apr 29 13:59:45 CEST 2015
------------------------------------------
2015-04-29 14:00:00 INFO  Worker:44 - Workers are alive @ Wed Apr 29 14:00:00 CEST 2015
------------------------------------------
2015-04-29 14:01:00 INFO  Worker:44 - Workers are alive @ Wed Apr 29 14:01:00 CEST 2015
------------------------------------------
2015-04-29 14:02:00 INFO  Worker:44 - Workers are alive @ Wed Apr 29 14:02:00 CEST 2015
------------------------------------------
2015-04-29 14:04:11 INFO  GoAhead:58 - Uruchamiam Go Ahead
2015-04-29 14:04:11 INFO  PortalWorker:13 - Backend Workers' has started!
2015-04-29 14:04:20 INFO  ParserWorker:58 - 
2015-04-29 14:04:51 INFO  ParserWorker:68 - DODAJE GOAH Gdańsk       / Sopot ERGO ARENA   SEAWAVE FESTIVAL: ODWOŁANY              
2015-04-29 14:09:09 INFO  GoAhead:58 - Uruchamiam Go Ahead
2015-04-29 14:09:09 INFO  PortalWorker:13 - Backend Workers' has started!
2015-04-29 14:09:27 INFO  ParserWorker:58 - it.coderunner.gigs.model.artist.Artist@1
2015-04-29 14:09:39 INFO  ParserWorker:68 - DODAJE GOAH Gdańsk       / Sopot ERGO ARENA   SEAWAVE FESTIVAL: ODWOŁANY              
2015-04-29 14:10:19 INFO  Worker:44 - Workers are alive @ Wed Apr 29 14:10:19 CEST 2015
------------------------------------------
2015-04-29 14:11:04 INFO  GoAhead:58 - Uruchamiam Go Ahead
2015-04-29 14:11:04 INFO  PortalWorker:13 - Backend Workers' has started!
2015-04-29 14:11:08 INFO  ParserWorker:58 - it.coderunner.gigs.model.artist.Artist@1
2015-04-29 14:11:10 INFO  ParserWorker:68 - DODAJE GOAH Gdańsk       / Sopot ERGO ARENA   SEAWAVE FESTIVAL: ODWOŁANY              
2015-04-29 14:12:00 INFO  Worker:44 - Workers are alive @ Wed Apr 29 14:12:00 CEST 2015
------------------------------------------
2015-04-29 14:12:26 INFO  GoAhead:58 - Uruchamiam Go Ahead
2015-04-29 14:12:26 INFO  PortalWorker:13 - Backend Workers' has started!
2015-04-29 14:12:29 INFO  ParserWorker:58 - it.coderunner.gigs.model.artist.Artist@1
2015-04-29 14:12:31 INFO  ParserWorker:68 - DODAJE GOAH Gdańsk       / Sopot ERGO ARENA   SEAWAVE FESTIVAL: ODWOŁANY              
2015-04-29 14:13:00 INFO  Worker:44 - Workers are alive @ Wed Apr 29 14:13:00 CEST 2015
------------------------------------------
2015-04-29 14:13:30 INFO  GoAhead:58 - Uruchamiam Go Ahead
2015-04-29 14:13:30 INFO  PortalWorker:13 - Backend Workers' has started!
2015-04-29 14:13:40 INFO  ParserWorker:58 - it.coderunner.gigs.model.artist.Artist@1
2015-04-29 14:13:55 INFO  ParserWorker:68 - DODAJE GOAH Gdańsk       / Sopot ERGO ARENA   SEAWAVE FESTIVAL: ODWOŁANY              
2015-04-29 14:17:05 INFO  GoAhead:58 - Uruchamiam Go Ahead
2015-04-29 14:17:05 INFO  PortalWorker:13 - Backend Workers' has started!
2015-04-29 14:17:44 INFO  ParserWorker:58 - it.coderunner.gigs.model.artist.Artist@1
2015-04-29 14:17:49 INFO  ParserWorker:68 - DODAJE GOAH Gdańsk       / Sopot ERGO ARENA   SEAWAVE FESTIVAL: ODWOŁANY              
2015-04-29 14:19:25 INFO  GoAhead:58 - Uruchamiam Go Ahead
2015-04-29 14:19:25 INFO  PortalWorker:13 - Backend Workers' has started!
2015-04-29 14:19:52 INFO  ParserWorker:58 - it.coderunner.gigs.model.artist.Artist@1
2015-04-29 14:23:11 INFO  GoAhead:58 - Uruchamiam Go Ahead
2015-04-29 14:23:11 INFO  PortalWorker:13 - Backend Workers' has started!
2015-04-29 14:23:56 INFO  GoAhead:58 - Uruchamiam Go Ahead
2015-04-29 14:23:56 INFO  PortalWorker:13 - Backend Workers' has started!
2015-04-29 14:24:00 INFO  ParserWorker:58 - it.coderunner.gigs.model.artist.Artist@1
2015-04-29 14:24:02 INFO  ParserWorker:68 - DODAJE GOAH Gdańsk       / Sopot ERGO ARENA   SEAWAVE FESTIVAL: ODWOŁANY              
2015-04-29 14:24:07 INFO  ParserWorker:58 - it.coderunner.gigs.model.artist.Artist@2
2015-04-29 14:24:09 INFO  ParserWorker:68 - DODAJE GOAH Poznań       Pod Minogą           THE REAL MCKENZIES                      
2015-04-29 14:24:12 INFO  ParserWorker:58 - it.coderunner.gigs.model.artist.Artist@3
2015-04-29 14:24:13 INFO  ParserWorker:68 - DODAJE GOAH Poznań       Pod Minogą           MAN WITHOUT COUNTRY                     
2015-04-29 14:24:17 INFO  ParserWorker:58 - it.coderunner.gigs.model.artist.Artist@4
2015-04-29 14:24:18 INFO  ParserWorker:68 - DODAJE GOAH Warszawa     Proxima              BEATSTEAKS                              
2015-04-29 14:24:22 INFO  ParserWorker:58 - it.coderunner.gigs.model.artist.Artist@5
2015-04-29 14:24:27 INFO  ParserWorker:68 - DODAJE GOAH Kraków       Hala Wisły           ROCK IN SUMMER: LIMP BIZKIT             
2015-04-29 14:24:37 INFO  ParserWorker:58 - it.coderunner.gigs.model.artist.Artist@6
2015-04-29 14:24:39 INFO  ParserWorker:68 - DODAJE GOAH Warszawa     Hydrozagadka         LA DISPUTE                              
2015-04-29 14:24:41 INFO  ParserWorker:58 - it.coderunner.gigs.model.artist.Artist@7
2015-04-29 14:24:43 INFO  ParserWorker:68 - DODAJE GOAH Warszawa     Amfiteatr w Parku So ROCK IN SUMMER: BODY COUNT FEAT. ICE-T /
2015-04-29 14:24:44 INFO  ParserWorker:58 - it.coderunner.gigs.model.artist.Artist@8
2015-04-29 14:24:46 INFO  ParserWorker:68 - DODAJE GOAH Warszawa     Proxima              THE GASLIGHT ANTHEM                     
2015-04-29 14:24:48 INFO  ParserWorker:58 - it.coderunner.gigs.model.artist.Artist@9
2015-04-29 14:24:50 INFO  ParserWorker:68 - DODAJE GOAH Warszawa     Hydrozagadka         THE BLACK DAHLIA MURDER                 
2015-04-29 14:24:51 INFO  Worker:44 - Workers are alive @ Wed Apr 29 14:24:51 CEST 2015
------------------------------------------
2015-04-29 14:25:00 INFO  Worker:44 - Workers are alive @ Wed Apr 29 14:25:00 CEST 2015
------------------------------------------
2015-04-29 14:26:00 INFO  Worker:44 - Workers are alive @ Wed Apr 29 14:26:00 CEST 2015
------------------------------------------
2015-04-29 14:27:00 INFO  Worker:44 - Workers are alive @ Wed Apr 29 14:27:00 CEST 2015
------------------------------------------
2015-04-29 14:28:00 INFO  Worker:44 - Workers are alive @ Wed Apr 29 14:28:00 CEST 2015
------------------------------------------
2015-04-29 14:29:00 INFO  Worker:44 - Workers are alive @ Wed Apr 29 14:29:00 CEST 2015
------------------------------------------
2015-04-29 14:30:00 INFO  Worker:44 - Workers are alive @ Wed Apr 29 14:30:00 CEST 2015
------------------------------------------
2015-04-29 14:31:00 INFO  Worker:44 - Workers are alive @ Wed Apr 29 14:31:00 CEST 2015
------------------------------------------
2015-04-29 14:32:00 INFO  Worker:44 - Workers are alive @ Wed Apr 29 14:32:00 CEST 2015
------------------------------------------
2015-04-29 14:38:24 INFO  GoAhead:58 - Uruchamiam Go Ahead
2015-04-29 14:38:24 INFO  PortalWorker:13 - Backend Workers' has started!
2015-04-29 14:38:52 INFO  ParserWorker:58 - it.coderunner.gigs.model.artist.Artist@1
2015-04-29 14:38:55 INFO  ParserWorker:67 - DODAJE GOAH Gdańsk       / Sopot ERGO ARENA   SEAWAVE FESTIVAL: ODWOŁANY              
2015-04-29 14:38:59 INFO  ParserWorker:58 - it.coderunner.gigs.model.artist.Artist@2
2015-04-29 14:39:02 INFO  ParserWorker:67 - DODAJE GOAH Poznań       Pod Minogą           THE REAL MCKENZIES                      
2015-04-29 14:39:10 INFO  ParserWorker:58 - it.coderunner.gigs.model.artist.Artist@3
2015-04-29 14:39:12 INFO  ParserWorker:67 - DODAJE GOAH Poznań       Pod Minogą           MAN WITHOUT COUNTRY                     
2015-04-29 14:39:17 INFO  ParserWorker:58 - it.coderunner.gigs.model.artist.Artist@4
2015-04-29 14:39:20 INFO  ParserWorker:67 - DODAJE GOAH Warszawa     Proxima              BEATSTEAKS                              
2015-04-29 14:39:37 INFO  ParserWorker:58 - it.coderunner.gigs.model.artist.Artist@5
2015-04-29 14:39:39 INFO  ParserWorker:67 - DODAJE GOAH Kraków       Hala Wisły           ROCK IN SUMMER: LIMP BIZKIT             
2015-04-29 14:39:47 INFO  ParserWorker:58 - it.coderunner.gigs.model.artist.Artist@6
2015-04-29 14:39:50 INFO  ParserWorker:67 - DODAJE GOAH Warszawa     Hydrozagadka         LA DISPUTE                              
2015-04-29 14:39:54 INFO  ParserWorker:58 - it.coderunner.gigs.model.artist.Artist@7
2015-04-29 14:39:57 INFO  ParserWorker:67 - DODAJE GOAH Warszawa     Amfiteatr w Parku So ROCK IN SUMMER: BODY COUNT FEAT. ICE-T /
2015-04-29 14:40:08 INFO  ParserWorker:58 - it.coderunner.gigs.model.artist.Artist@8
2015-04-29 14:40:14 INFO  ParserWorker:67 - DODAJE GOAH Warszawa     Proxima              THE GASLIGHT ANTHEM                     
2015-04-29 14:40:19 INFO  ParserWorker:58 - it.coderunner.gigs.model.artist.Artist@9
2015-04-29 14:40:26 INFO  ParserWorker:67 - DODAJE GOAH Warszawa     Hydrozagadka         THE BLACK DAHLIA MURDER                 
2015-04-29 14:42:04 INFO  GoAhead:58 - Uruchamiam Go Ahead
2015-04-29 14:42:04 INFO  PortalWorker:13 - Backend Workers' has started!
2015-04-29 14:42:08 INFO  ParserWorker:58 - it.coderunner.gigs.model.artist.Artist@1
2015-04-29 14:42:10 INFO  ParserWorker:67 - DODAJE GOAH Gdańsk       / Sopot ERGO ARENA   SEAWAVE FESTIVAL: ODWOŁANY              
2015-04-29 14:42:14 INFO  ParserWorker:58 - it.coderunner.gigs.model.artist.Artist@2
2015-04-29 14:42:16 INFO  ParserWorker:67 - DODAJE GOAH Poznań       Pod Minogą           THE REAL MCKENZIES                      
2015-04-29 14:42:17 INFO  ParserWorker:58 - it.coderunner.gigs.model.artist.Artist@3
2015-04-29 14:42:19 INFO  ParserWorker:67 - DODAJE GOAH Poznań       Pod Minogą           MAN WITHOUT COUNTRY                     
2015-04-29 14:42:25 INFO  ParserWorker:58 - it.coderunner.gigs.model.artist.Artist@4
2015-04-29 14:42:27 INFO  ParserWorker:67 - DODAJE GOAH Warszawa     Proxima              BEATSTEAKS                              
2015-04-29 14:42:29 INFO  ParserWorker:58 - it.coderunner.gigs.model.artist.Artist@5
2015-04-29 14:42:34 INFO  ParserWorker:67 - DODAJE GOAH Kraków       Hala Wisły           ROCK IN SUMMER: LIMP BIZKIT             
2015-04-29 14:42:35 INFO  ParserWorker:58 - it.coderunner.gigs.model.artist.Artist@6
2015-04-29 14:42:38 INFO  ParserWorker:67 - DODAJE GOAH Warszawa     Hydrozagadka         LA DISPUTE                              
2015-04-29 14:42:45 INFO  ParserWorker:58 - it.coderunner.gigs.model.artist.Artist@7
2015-04-29 14:42:49 INFO  ParserWorker:67 - DODAJE GOAH Warszawa     Amfiteatr w Parku So ROCK IN SUMMER: BODY COUNT FEAT. ICE-T /
2015-04-29 14:42:51 INFO  ParserWorker:58 - it.coderunner.gigs.model.artist.Artist@8
2015-04-29 14:42:53 INFO  ParserWorker:67 - DODAJE GOAH Warszawa     Proxima              THE GASLIGHT ANTHEM                     
2015-04-29 14:42:54 INFO  ParserWorker:58 - it.coderunner.gigs.model.artist.Artist@9
2015-04-29 14:42:56 INFO  ParserWorker:67 - DODAJE GOAH Warszawa     Hydrozagadka         THE BLACK DAHLIA MURDER                 
2015-04-29 14:43:00 INFO  Worker:44 - Workers are alive @ Wed Apr 29 14:43:00 CEST 2015
------------------------------------------
2015-04-29 14:44:30 INFO  GoAhead:58 - Uruchamiam Go Ahead
2015-04-29 14:44:30 INFO  PortalWorker:13 - Backend Workers' has started!
2015-04-29 14:44:36 INFO  ParserWorker:58 - it.coderunner.gigs.model.artist.Artist@1
2015-04-29 14:44:38 INFO  ParserWorker:67 - DODAJE GOAH Gdańsk       / Sopot ERGO ARENA   SEAWAVE FESTIVAL: ODWOŁANY              
2015-04-29 14:44:39 INFO  ParserWorker:58 - it.coderunner.gigs.model.artist.Artist@2
2015-04-29 14:44:41 INFO  ParserWorker:67 - DODAJE GOAH Poznań       Pod Minogą           THE REAL MCKENZIES                      
2015-04-29 14:44:43 INFO  ParserWorker:58 - it.coderunner.gigs.model.artist.Artist@3
2015-04-29 14:44:44 INFO  ParserWorker:67 - DODAJE GOAH Poznań       Pod Minogą           MAN WITHOUT COUNTRY                     
2015-04-29 14:44:46 INFO  ParserWorker:58 - it.coderunner.gigs.model.artist.Artist@4
2015-04-29 14:44:55 INFO  ParserWorker:67 - DODAJE GOAH Warszawa     Proxima              BEATSTEAKS                              
2015-04-29 14:44:56 INFO  ParserWorker:58 - it.coderunner.gigs.model.artist.Artist@5
2015-04-29 14:44:58 INFO  ParserWorker:67 - DODAJE GOAH Kraków       Hala Wisły           ROCK IN SUMMER: LIMP BIZKIT             
2015-04-29 14:45:00 INFO  ParserWorker:58 - it.coderunner.gigs.model.artist.Artist@6
2015-04-29 14:45:05 INFO  ParserWorker:67 - DODAJE GOAH Warszawa     Hydrozagadka         LA DISPUTE                              
2015-04-29 14:45:07 INFO  ParserWorker:58 - it.coderunner.gigs.model.artist.Artist@7
2015-04-29 14:45:08 INFO  ParserWorker:67 - DODAJE GOAH Warszawa     Amfiteatr w Parku So ROCK IN SUMMER: BODY COUNT FEAT. ICE-T /
2015-04-29 14:45:10 INFO  ParserWorker:58 - it.coderunner.gigs.model.artist.Artist@8
2015-04-29 14:45:13 INFO  ParserWorker:67 - DODAJE GOAH Warszawa     Proxima              THE GASLIGHT ANTHEM                     
2015-04-29 14:45:15 INFO  ParserWorker:58 - it.coderunner.gigs.model.artist.Artist@9
2015-04-29 14:45:17 INFO  ParserWorker:67 - DODAJE GOAH Warszawa     Hydrozagadka         THE BLACK DAHLIA MURDER                 
2015-04-29 14:45:22 INFO  Worker:44 - Workers are alive @ Wed Apr 29 14:45:22 CEST 2015
------------------------------------------
2015-04-29 14:46:00 INFO  Worker:44 - Workers are alive @ Wed Apr 29 14:46:00 CEST 2015
------------------------------------------
2015-04-29 14:46:07 INFO  GoAhead:58 - Uruchamiam Go Ahead
2015-04-29 14:46:07 INFO  PortalWorker:13 - Backend Workers' has started!
2015-04-29 14:46:15 INFO  ParserWorker:58 - it.coderunner.gigs.model.artist.Artist@1
2015-04-29 14:46:16 INFO  ParserWorker:67 - DODAJE GOAH Gdańsk       / Sopot ERGO ARENA   SEAWAVE FESTIVAL: ODWOŁANY              
2015-04-29 14:46:26 INFO  ParserWorker:58 - it.coderunner.gigs.model.artist.Artist@2
2015-04-29 14:46:28 INFO  ParserWorker:67 - DODAJE GOAH Poznań       Pod Minogą           THE REAL MCKENZIES                      
2015-04-29 14:46:31 INFO  ParserWorker:58 - it.coderunner.gigs.model.artist.Artist@3
2015-04-29 14:46:35 INFO  ParserWorker:67 - DODAJE GOAH Poznań       Pod Minogą           MAN WITHOUT COUNTRY                     
2015-04-29 14:46:39 INFO  ParserWorker:58 - it.coderunner.gigs.model.artist.Artist@4
2015-04-29 14:46:42 INFO  ParserWorker:67 - DODAJE GOAH Warszawa     Proxima              BEATSTEAKS                              
2015-04-29 14:46:45 INFO  ParserWorker:58 - it.coderunner.gigs.model.artist.Artist@5
2015-04-29 14:46:53 INFO  ParserWorker:67 - DODAJE GOAH Kraków       Hala Wisły           ROCK IN SUMMER: LIMP BIZKIT             
2015-04-29 14:47:00 INFO  Worker:44 - Workers are alive @ Wed Apr 29 14:47:00 CEST 2015
------------------------------------------
2015-04-29 14:47:00 INFO  ParserWorker:58 - it.coderunner.gigs.model.artist.Artist@6
2015-04-29 14:47:03 INFO  ParserWorker:67 - DODAJE GOAH Warszawa     Hydrozagadka         LA DISPUTE                              
2015-04-29 14:47:09 INFO  ParserWorker:58 - it.coderunner.gigs.model.artist.Artist@7
2015-04-29 14:47:12 INFO  ParserWorker:67 - DODAJE GOAH Warszawa     Amfiteatr w Parku So ROCK IN SUMMER: BODY COUNT FEAT. ICE-T /
2015-04-29 14:47:16 INFO  ParserWorker:58 - it.coderunner.gigs.model.artist.Artist@8
2015-04-29 14:47:19 INFO  ParserWorker:67 - DODAJE GOAH Warszawa     Proxima              THE GASLIGHT ANTHEM                     
2015-04-29 14:47:25 INFO  ParserWorker:58 - it.coderunner.gigs.model.artist.Artist@9
2015-04-29 14:47:28 INFO  ParserWorker:67 - DODAJE GOAH Warszawa     Hydrozagadka         THE BLACK DAHLIA MURDER                 
2015-04-29 14:48:00 INFO  Worker:44 - Workers are alive @ Wed Apr 29 14:48:00 CEST 2015
------------------------------------------
2015-04-29 14:49:00 INFO  Worker:44 - Workers are alive @ Wed Apr 29 14:49:00 CEST 2015
------------------------------------------
2015-04-29 14:50:00 INFO  Worker:44 - Workers are alive @ Wed Apr 29 14:50:00 CEST 2015
------------------------------------------
2015-04-29 14:51:00 INFO  Worker:44 - Workers are alive @ Wed Apr 29 14:51:00 CEST 2015
------------------------------------------
2015-04-29 14:51:41 INFO  Worker:44 - Workers are alive @ Wed Apr 29 14:51:41 CEST 2015
------------------------------------------
2015-04-29 14:52:00 INFO  Worker:44 - Workers are alive @ Wed Apr 29 14:52:00 CEST 2015
------------------------------------------
2015-04-29 14:52:02 INFO  GoAhead:58 - Uruchamiam Go Ahead
2015-04-29 14:52:02 INFO  PortalWorker:13 - Backend Workers' has started!
2015-04-29 14:53:00 INFO  Worker:44 - Workers are alive @ Wed Apr 29 14:53:00 CEST 2015
------------------------------------------
2015-04-29 14:53:19 INFO  GoAhead:58 - Uruchamiam Go Ahead
2015-04-29 14:53:19 INFO  PortalWorker:13 - Backend Workers' has started!
2015-04-29 14:54:00 INFO  Worker:44 - Workers are alive @ Wed Apr 29 14:54:00 CEST 2015
------------------------------------------
2015-04-29 14:54:22 INFO  GoAhead:58 - Uruchamiam Go Ahead
2015-04-29 14:54:22 INFO  PortalWorker:13 - Backend Workers' has started!
2015-04-29 14:54:32 INFO  GoAhead:58 - Uruchamiam Go Ahead
2015-04-29 14:54:36 INFO  ParserWorker:58 - it.coderunner.gigs.model.artist.Artist@1
2015-04-29 14:54:37 INFO  ParserWorker:67 - DODAJE GOAH Gdańsk       / Sopot ERGO ARENA   SEAWAVE FESTIVAL: ODWOŁANY              
2015-04-29 14:54:39 INFO  ParserWorker:58 - it.coderunner.gigs.model.artist.Artist@2
2015-04-29 14:54:40 INFO  ParserWorker:67 - DODAJE GOAH Poznań       Pod Minogą           THE REAL MCKENZIES                      
2015-04-29 14:54:42 INFO  ParserWorker:58 - it.coderunner.gigs.model.artist.Artist@3
2015-04-29 14:54:44 INFO  ParserWorker:67 - DODAJE GOAH Poznań       Pod Minogą           MAN WITHOUT COUNTRY                     
2015-04-29 14:54:45 INFO  ParserWorker:58 - it.coderunner.gigs.model.artist.Artist@4
2015-04-29 14:54:47 INFO  ParserWorker:67 - DODAJE GOAH Warszawa     Proxima              BEATSTEAKS                              
2015-04-29 14:54:49 INFO  ParserWorker:58 - it.coderunner.gigs.model.artist.Artist@5
2015-04-29 14:54:51 INFO  ParserWorker:67 - DODAJE GOAH Kraków       Hala Wisły           ROCK IN SUMMER: LIMP BIZKIT             
2015-04-29 14:54:52 INFO  ParserWorker:58 - it.coderunner.gigs.model.artist.Artist@6
2015-04-29 14:54:54 INFO  ParserWorker:67 - DODAJE GOAH Warszawa     Hydrozagadka         LA DISPUTE                              
2015-04-29 14:54:56 INFO  ParserWorker:58 - it.coderunner.gigs.model.artist.Artist@7
2015-04-29 14:54:57 INFO  ParserWorker:67 - DODAJE GOAH Warszawa     Amfiteatr w Parku So ROCK IN SUMMER: BODY COUNT FEAT. ICE-T /
2015-04-29 14:54:59 INFO  ParserWorker:58 - it.coderunner.gigs.model.artist.Artist@8
2015-04-29 14:55:00 INFO  ParserWorker:67 - DODAJE GOAH Warszawa     Proxima              THE GASLIGHT ANTHEM                     
2015-04-29 14:55:02 INFO  ParserWorker:58 - it.coderunner.gigs.model.artist.Artist@9
2015-04-29 14:55:04 INFO  ParserWorker:67 - DODAJE GOAH Warszawa     Hydrozagadka         THE BLACK DAHLIA MURDER                 
2015-04-29 14:55:05 INFO  Worker:44 - Workers are alive @ Wed Apr 29 14:55:05 CEST 2015
------------------------------------------
2015-04-29 14:56:00 INFO  Worker:44 - Workers are alive @ Wed Apr 29 14:56:00 CEST 2015
------------------------------------------
2015-04-29 14:56:15 INFO  GoAhead:58 - Uruchamiam Go Ahead
2015-04-29 14:56:15 INFO  PortalWorker:13 - Backend Workers' has started!
2015-04-29 14:56:18 INFO  ParserWorker:64 - it.coderunner.gigs.model.artist.Artist@1
2015-04-29 14:56:19 INFO  ParserWorker:73 - DODAJE GOAH Gdańsk       / Sopot ERGO ARENA   SEAWAVE FESTIVAL: ODWOŁANY              
2015-04-29 14:56:21 INFO  ParserWorker:64 - it.coderunner.gigs.model.artist.Artist@2
2015-04-29 14:56:21 INFO  ParserWorker:73 - DODAJE GOAH Poznań       Pod Minogą           THE REAL MCKENZIES                      
2015-04-29 14:56:23 INFO  ParserWorker:64 - it.coderunner.gigs.model.artist.Artist@3
2015-04-29 14:56:24 INFO  ParserWorker:73 - DODAJE GOAH Poznań       Pod Minogą           MAN WITHOUT COUNTRY                     
2015-04-29 14:56:28 INFO  ParserWorker:64 - it.coderunner.gigs.model.artist.Artist@4
2015-04-29 14:56:32 INFO  ParserWorker:73 - DODAJE GOAH Warszawa     Proxima              BEATSTEAKS                              
2015-04-29 14:56:36 INFO  ParserWorker:64 - it.coderunner.gigs.model.artist.Artist@5
2015-04-29 14:56:37 INFO  ParserWorker:73 - DODAJE GOAH Kraków       Hala Wisły           ROCK IN SUMMER: LIMP BIZKIT             
2015-04-29 14:56:38 INFO  ParserWorker:64 - it.coderunner.gigs.model.artist.Artist@6
2015-04-29 14:56:39 INFO  ParserWorker:73 - DODAJE GOAH Warszawa     Hydrozagadka         LA DISPUTE                              
2015-04-29 14:56:41 INFO  ParserWorker:64 - it.coderunner.gigs.model.artist.Artist@7
2015-04-29 14:56:42 INFO  ParserWorker:73 - DODAJE GOAH Warszawa     Amfiteatr w Parku So ROCK IN SUMMER: BODY COUNT FEAT. ICE-T /
2015-04-29 14:56:44 INFO  ParserWorker:64 - it.coderunner.gigs.model.artist.Artist@8
2015-04-29 14:56:49 INFO  ParserWorker:73 - DODAJE GOAH Warszawa     Proxima              THE GASLIGHT ANTHEM                     
2015-04-29 14:56:50 INFO  ParserWorker:64 - it.coderunner.gigs.model.artist.Artist@9
2015-04-29 14:56:51 INFO  ParserWorker:73 - DODAJE GOAH Warszawa     Hydrozagadka         THE BLACK DAHLIA MURDER                 
2015-04-29 14:57:00 INFO  Worker:44 - Workers are alive @ Wed Apr 29 14:57:00 CEST 2015
------------------------------------------
2015-04-29 14:57:00 INFO  Worker:44 - Workers are alive @ Wed Apr 29 14:57:00 CEST 2015
------------------------------------------
2015-04-29 14:58:00 INFO  Worker:44 - Workers are alive @ Wed Apr 29 14:58:00 CEST 2015
------------------------------------------
2015-04-29 14:58:09 INFO  GoAhead:58 - Uruchamiam Go Ahead
2015-04-29 14:58:09 INFO  PortalWorker:13 - Backend Workers' has started!
2015-04-29 14:58:17 INFO  ParserWorker:73 - DODAJE GOAH Gdańsk       / Sopot ERGO ARENA   SEAWAVE FESTIVAL: ODWOŁANY              
2015-04-29 14:58:19 INFO  ParserWorker:73 - DODAJE GOAH Poznań       Pod Minogą           THE REAL MCKENZIES                      
2015-04-29 14:58:20 INFO  ParserWorker:73 - DODAJE GOAH Poznań       Pod Minogą           MAN WITHOUT COUNTRY                     
2015-04-29 14:58:22 INFO  ParserWorker:73 - DODAJE GOAH Warszawa     Proxima              BEATSTEAKS                              
2015-04-29 14:58:24 INFO  ParserWorker:73 - DODAJE GOAH Kraków       Hala Wisły           ROCK IN SUMMER: LIMP BIZKIT             
2015-04-29 14:58:25 INFO  ParserWorker:73 - DODAJE GOAH Warszawa     Hydrozagadka         LA DISPUTE                              
2015-04-29 14:58:27 INFO  ParserWorker:73 - DODAJE GOAH Warszawa     Amfiteatr w Parku So ROCK IN SUMMER: BODY COUNT FEAT. ICE-T /
2015-04-29 14:58:29 INFO  ParserWorker:73 - DODAJE GOAH Warszawa     Proxima              THE GASLIGHT ANTHEM                     
2015-04-29 14:58:31 INFO  ParserWorker:73 - DODAJE GOAH Warszawa     Hydrozagadka         THE BLACK DAHLIA MURDER                 
2015-04-29 14:58:33 INFO  ParserWorker:73 - DODAJE GOAH Wrocław      Liverpool            THE BLACK DAHLIA MURDER                 
2015-04-29 14:58:34 INFO  ParserWorker:73 - DODAJE GOAH Wrocław      Liverpool            SUICIDE SILENCE                         
2015-04-29 14:58:36 INFO  ParserWorker:73 - DODAJE GOAH Poznań       Pod Minogą           SUICIDE SILENCE                         
2015-04-29 14:58:37 INFO  ParserWorker:73 - DODAJE GOAH Warszawa     Palladium            PASSENGER                               
2015-04-29 14:58:39 INFO  ParserWorker:73 - DODAJE GOAH Warszawa     Hydrozagadka         THE SMITH STREET BAND                   
2015-04-29 14:58:41 INFO  ParserWorker:73 - DODAJE GOAH Poznań       Pod Minogą           THE SMITH STREET BAND                   
2015-04-29 14:58:43 INFO  ParserWorker:73 - DODAJE GOAH Warszawa     Hydrozagadka         THE MENZINGERS                          
2015-04-29 14:58:44 INFO  ParserWorker:73 - DODAJE GOAH Poznań       Sala Wielka CK Zamek MARK LANEGAN BAND                       
2015-04-29 14:58:46 INFO  ParserWorker:73 - DODAJE GOAH Gdańsk       B90                  MATISYAHU                               
2015-04-29 14:58:48 INFO  ParserWorker:73 - DODAJE GOAH Wrocław      Eter                 MATISYAHU                               
2015-04-29 14:58:52 INFO  ParserWorker:73 - DODAJE GOAH Gdańsk       B90                  MACHINE HEAD                            
2015-04-29 14:58:54 INFO  ParserWorker:73 - DODAJE GOAH Warszawa     Progresja            MACHINE HEAD                            
2015-04-29 14:58:56 INFO  ParserWorker:73 - DODAJE GOAH Kraków       Fabryka              MACHINE HEAD                            
2015-04-29 14:58:57 INFO  ParserWorker:73 - DODAJE GOAH Warszawa     Torwar               APOCALYPTICA                            
2015-04-29 14:59:00 INFO  Worker:44 - Workers are alive @ Wed Apr 29 14:59:00 CEST 2015
------------------------------------------
2015-04-29 14:59:03 INFO  ParserWorker:73 - DODAJE GOAH Kraków       Teatr Łaźnia Nowa    APOCALYPTICA                            
2015-04-29 14:59:06 INFO  ParserWorker:73 - DODAJE GOAH Warszawa     Torwar               JOE SATRIANI                            
2015-04-29 14:59:08 INFO  ParserWorker:73 - DODAJE GOAH Poznań       Eskulap              SNARKY PUPPY                            
2015-04-29 14:59:09 INFO  ParserWorker:73 - DODAJE GOAH Warszawa     Palladium            SNARKY PUPPY                            
2015-04-29 14:59:11 INFO  ParserWorker:73 - DODAJE GOAH Warszawa     Progresja            EDITORS                                 
2015-04-29 14:59:16 INFO  ParserWorker:73 - DODAJE GOAH Poznań       Hala nr 2 MTP        EDITORS                                 
2015-04-29 14:59:16 INFO  GoAhead:61 - Skończyłem
2015-04-29 14:59:16 INFO  Worker:44 - Workers are alive @ Wed Apr 29 14:59:16 CEST 2015
------------------------------------------
2015-04-29 15:00:00 INFO  Worker:44 - Workers are alive @ Wed Apr 29 15:00:00 CEST 2015
------------------------------------------
2015-04-29 15:01:00 INFO  Worker:44 - Workers are alive @ Wed Apr 29 15:01:00 CEST 2015
------------------------------------------
