2015-05-04 20:19:52 INFO  GigService:69 - DODAJE ALTE Warszawa     Marii Konopnickiej 6 The Afghan Whigs                        
2015-05-04 20:19:54 INFO  GigService:69 - DODAJE ALTE Kraków       Zabłocie 23          The Afghan Whigs                        
2015-05-04 20:19:54 INFO  GigService:69 - DODAJE ALTE Warszawa     Złota 9              Royal Blood                             
2015-05-04 20:19:55 INFO  GigService:69 - DODAJE ALTE Warszawa     Mkonopnickiej 6      Warpaint - Selector - Odwołany          
2015-05-04 20:19:56 INFO  GigService:69 - DODAJE ALTE Warszawa     Marii Konopnickiej 6 Sbtrkt - Selector                       
2015-05-04 20:19:57 INFO  GigService:69 - DODAJE ALTE Kraków       Wawrzyńca 12         Jack White                              
2015-05-04 20:20:01 INFO  GigService:69 - DODAJE ALTE Katowice     Spodek               Nine Inch Nails                         
2015-05-04 20:20:02 INFO  GigService:69 - DODAJE ALTE Warszawa     Nowy Teatr           Savages                                 
2015-05-04 20:20:03 INFO  GigService:69 - DODAJE ALTE Warszawa     Stodoła              Foals                                   
2015-05-04 20:20:04 INFO  GigService:69 - DODAJE ALTE Gdynia       Lotnisko Gdyniakosak Rihanna                                 
2015-05-04 20:20:05 INFO  GigService:69 - DODAJE ALTE Warszawa     Amfiteatr W Parku So Sigur Rós                               
2015-05-04 20:20:06 INFO  GigService:69 - DODAJE ALTE Łódź         Atlas Arena          Green Day                               
2015-05-04 20:20:07 INFO  GigService:69 - DODAJE ALTE Warszawa     Hala Torwar          The Xx                                  
2015-05-04 20:20:08 INFO  GigService:69 - DODAJE ALTE Warszawa     Konopnickiej 6       Yeasayer                                
2015-05-04 20:20:09 INFO  GigService:69 - DODAJE ALTE Warszawa     Stadion Narodowy     Coldplay                                
2015-05-04 20:20:10 INFO  GigService:69 - DODAJE GOAH Poznań       Pod Minogą           The Real Mckenzies                      
2015-05-04 20:20:11 INFO  GigService:69 - DODAJE GOAH Poznań       Pod Minogą           Man Without Country                     
2015-05-04 20:20:15 INFO  GigService:69 - DODAJE GOAH Warszawa     Proxima              Beatsteaks                              
2015-05-04 20:20:16 INFO  GigService:69 - DODAJE GOAH Kraków       Hala Wisły           Rock In Summer: Limp Bizkit             
2015-05-04 20:20:17 INFO  GigService:69 - DODAJE GOAH Warszawa     Hydrozagadka         La Dispute                              
2015-05-04 20:20:18 INFO  GigService:69 - DODAJE GOAH Warszawa     Amfiteatr W Parku So Rock In Summer: Body Count Feat. Ice-t /
2015-05-04 20:20:19 INFO  GigService:69 - DODAJE GOAH Warszawa     Proxima              The Gaslight Anthem                     
2015-05-04 20:20:20 INFO  GigService:69 - DODAJE GOAH Warszawa     Hydrozagadka         The Black Dahlia Murder                 
2015-05-04 20:20:21 INFO  GigService:69 - DODAJE GOAH Wrocław      Liverpool            The Black Dahlia Murder                 
2015-05-04 20:20:22 INFO  GigService:69 - DODAJE GOAH Wrocław      Liverpool            Suicide Silence                         
2015-05-04 20:20:23 INFO  GigService:69 - DODAJE GOAH Poznań       Pod Minogą           Suicide Silence                         
2015-05-04 20:20:27 INFO  GigService:69 - DODAJE GOAH Warszawa     Palladium            Passenger                               
2015-05-04 20:20:27 INFO  GigService:69 - DODAJE GOAH Warszawa     Hydrozagadka         The Smith Street Band                   
2015-05-04 20:20:28 INFO  GigService:69 - DODAJE GOAH Poznań       Pod Minogą           The Smith Street Band                   
2015-05-04 20:20:29 INFO  GigService:69 - DODAJE GOAH Warszawa     Hydrozagadka         The Menzingers                          
2015-05-04 20:20:30 INFO  GigService:69 - DODAJE GOAH Poznań       Sala Wielka Ck Zamek Mark Lanegan Band                       
2015-05-04 20:20:31 INFO  GigService:69 - DODAJE GOAH Gdańsk       B90                  Matisyahu                               
2015-05-04 20:20:32 INFO  GigService:69 - DODAJE GOAH Wrocław      Eter                 Matisyahu                               
2015-05-04 20:20:36 INFO  GigService:69 - DODAJE GOAH Gdańsk       B90                  Machine Head                            
2015-05-04 20:20:37 INFO  GigService:69 - DODAJE GOAH Warszawa     Progresja            Machine Head                            
2015-05-04 20:20:38 INFO  GigService:69 - DODAJE GOAH Kraków       Fabryka              Machine Head                            
2015-05-04 20:20:39 INFO  GigService:69 - DODAJE GOAH Warszawa     Torwar               Apocalyptica                            
2015-05-04 20:20:40 INFO  GigService:69 - DODAJE GOAH Kraków       Teatr Łaźnia Nowa    Apocalyptica                            
2015-05-04 20:20:40 INFO  GigService:69 - DODAJE GOAH Warszawa     Torwar               Joe Satriani                            
2015-05-04 20:20:41 INFO  GigService:69 - DODAJE GOAH Poznań       Eskulap              Snarky Puppy                            
2015-05-04 20:20:42 INFO  GigService:69 - DODAJE GOAH Warszawa     Palladium            Snarky Puppy                            
2015-05-04 20:20:43 INFO  GigService:69 - DODAJE GOAH Warszawa     Progresja            Editors                                 
2015-05-04 20:20:44 INFO  GigService:69 - DODAJE GOAH Poznań       Hala Nr 2 Mtp        Editors                                 
2015-05-04 20:20:46 INFO  GigService:69 - DODAJE KAYA Kraków       Off Plus Camera      Skubas                                  
2015-05-04 20:20:47 INFO  GigService:69 - DODAJE KAYA Lublin                            Skubas                                  
2015-05-04 20:20:48 INFO  GigService:69 - DODAJE KAYA Kraków       Czyżynalia           Maria Peszek                            
2015-05-04 20:20:49 INFO  GigService:69 - DODAJE KAYA Goleniów     Plac Planty          Zakopower                               
2015-05-04 20:20:50 INFO  GigService:69 - DODAJE KAYA Konstancin   Park Zdrojowy        Skubas                                  
2015-05-04 20:20:51 INFO  GigService:69 - DODAJE KAYA Rzeszów      Festiwal Przestrzeni Skubas                                  
2015-05-04 20:20:52 INFO  GigService:69 - DODAJE KAYA Katowice     Juwenalia Śląskie 20 Maria Peszek                            
2015-05-04 20:20:53 INFO  GigService:69 - DODAJE KAYA Poznań       Juwenalia  Ptasia    Maria Peszek                            
2015-05-04 20:20:55 INFO  GigService:69 - DODAJE KAYA Kielce       Bohomass Lab         Maria Peszek                            
2015-05-04 20:20:55 INFO  GigService:69 - DODAJE KAYA Warszawa     Orange Warsaw Festiv Maria Peszek                            
2015-05-04 20:20:56 INFO  GigService:69 - DODAJE KAYA Transorienta Lfo Oświęcim         Kayah                                   
2015-05-04 20:21:00 INFO  GigService:69 - DODAJE KAYA Koszalin                          Skubas                                  
2015-05-04 20:21:01 INFO  GigService:69 - DODAJE KAYA Tarnów                            Skubas                                  
2015-05-04 20:21:02 INFO  GigService:69 - DODAJE KAYA Bochnia                           Skubas                                  
2015-05-04 20:21:03 INFO  GigService:69 - DODAJE KAYA Gorzów Wielk Gorzów Wielkopolski  Zakopower                               
2015-05-04 20:21:08 INFO  GigService:69 - DODAJE KAYA Opener                            Skubas                                  
2015-05-04 20:21:09 INFO  GigService:69 - DODAJE KAYA Toruń        Amfiteatr Muzeum Etn Maria Peszek                            
2015-05-04 20:21:10 INFO  GigService:69 - DODAJE KAYA Nidzica      Nidzica              Zakopower                               
2015-05-04 20:21:11 INFO  GigService:69 - DODAJE KAYA Węgorzewo    Seven Fest           Skubas                                  
2015-05-04 20:21:12 INFO  GigService:69 - DODAJE KAYA Czarnków                          Zakopower                               
2015-05-04 20:21:13 INFO  GigService:69 - DODAJE KAYA Olesno       Amfiteatr            Kayah                                   
2015-05-04 20:21:14 INFO  GigService:72 - ISTNIEJE KAYA Olesno       Olesno               Kayah                                   
2015-05-04 20:21:19 INFO  GigService:69 - DODAJE KAYA Pruszcz Gd   Faktoria Kultury     Skubas                                  
2015-05-04 20:21:20 INFO  GigService:69 - DODAJE KAYA Kępno        Na Terenie Kosir     Kayah                                   
2015-05-04 20:21:22 INFO  GigService:69 - DODAJE KAYA Koszalin                          Zakopower                               
2015-05-04 20:21:22 INFO  GigService:69 - DODAJE KAYA Grębocice    Grębocice            Zakopower                               
2015-05-04 20:21:32 INFO  GigService:69 - DODAJE LIVE Warsaw       Torwar               Def Leppard Lessdress, Exlibris         
2015-05-04 20:21:33 INFO  GigService:69 - DODAJE LIVE Lódz         Atlas Arena          Impact Festival 2015 Slipknot, Godsmack,
2015-05-04 20:21:34 INFO  GigService:69 - DODAJE LIVE Kraków       Kwadrat              Gojira                                  
2015-05-04 20:21:35 INFO  GigService:69 - DODAJE LIVE Warsaw       Torwar               Roxette Eskobar                         
2015-05-04 20:21:36 INFO  GigService:69 - DODAJE LIVE Lódz         Atlas Arena          Judas Priest Five Finger Death Punch    
2015-05-04 20:21:39 INFO  GigService:69 - DODAJE LIVE Kraków       Tauron Arena Kraków  Mark Knopfler                           
2015-05-04 20:21:41 INFO  GigService:69 - DODAJE LIVE Warsaw       Stadion Narodowy     Ac/dc                                   
2015-05-04 20:21:42 INFO  GigService:69 - DODAJE LIVE Gdansk       Ergo Arena           Lenny Kravitz                           
2015-05-04 20:21:43 INFO  GigService:69 - DODAJE LIVE Warsaw       Stadion Narodowy     Violetta                                
2015-05-04 20:21:44 INFO  GigService:69 - DODAJE LIVE Kraków       Tauron Arena Kraków  Violetta                                
2015-05-04 20:21:45 INFO  GigService:69 - DODAJE LIVE Warsaw       Stodoła              Ub40 (ali Campbell, Astro And Mickey Vir
2015-05-04 20:21:45 INFO  GigService:69 - DODAJE LIVE Kraków       Tauron Arena Kraków  Violetta                                
2015-05-04 20:21:47 INFO  GigService:69 - DODAJE LIVE Lódz         Atlas Arena          Nickelback: No Fixed Address Tour Nickel
2015-05-04 20:21:48 INFO  GigService:69 - DODAJE LIVE Warsaw       Torwar               Diana Krall                             
2015-05-04 20:21:49 INFO  GigService:69 - DODAJE LIVE Warsaw       Torwar               Simply Red                              
2015-05-04 20:21:50 INFO  GigService:69 - DODAJE LIVE Szczecin     Azoty Arena          Chris Botti                             
2015-05-04 20:21:50 INFO  GigService:69 - DODAJE LIVE Poznan       Mtp  Sala Ziemi      Chris Botti                             
2015-05-04 20:21:51 INFO  GigService:69 - DODAJE LIVE Wroclaw      Hala Stulecia        Chris Botti                             
2015-05-04 20:21:52 INFO  GigService:69 - DODAJE LIVE Lublin       Hala Globus          Chris Botti                             
2015-05-04 20:21:54 INFO  GigService:69 - DODAJE LIVE Wroclaw      Sala Audytoryjna Wck John Mayall                             
2015-05-04 20:21:55 INFO  GigService:69 - DODAJE LIVE Kraków       Ice Kraków Congress  Chris Botti                             
2015-05-04 20:21:56 INFO  GigService:69 - DODAJE LIVE Warsaw       Torwar               Chris Botti                             
2015-05-04 20:21:58 INFO  GigService:69 - DODAJE PRES Atlas Arena
 Atlas Arena
br łoacu Scorpions                               
2015-05-04 20:21:59 INFO  GigService:69 - DODAJE PRES Hala Torwar
 Hala Torwar
br warsz Spring Love Festival Indila             
2015-05-04 20:21:59 INFO  GigService:69 - DODAJE PRES Progresja
br Progresja
br warszaw Rise Against                            
2015-05-04 20:22:01 INFO  GigService:69 - DODAJE PRES Hala Torwar
 Hala Torwar
br warsz Motorhead                               
2015-05-04 20:22:01 INFO  GigService:69 - DODAJE PRES Jarocin
br j Jarocin
br jarocin   Jarocin Festiwal 2015                   
2015-05-04 20:22:05 INFO  GigService:69 - DODAJE PRES Stadion Mosi Stadion Mosir Rybnik Linkin Park                             
2015-05-04 20:22:06 INFO  GigService:69 - DODAJE PRES Ergo Arena
b Ergo Arena
br gdańsk Dave Matthews Band                      
2015-05-04 20:22:07 INFO  GigService:69 - DODAJE PRES Hala Torwar
 Hala Torwar
br warsz Manowar Torwar                          
2015-05-04 20:22:09 INFO  GigService:72 - ISTNIEJE SONG Warsaw       Narodowy             Ac/dc                                   
2015-05-04 20:22:10 INFO  GigService:72 - ISTNIEJE SONG Warsaw       Hall                 Motorhead                               
2015-05-04 20:22:11 INFO  GigService:72 - ISTNIEJE SONG Rybnik       Stadium              Linkin Park                             
2015-05-04 20:22:12 INFO  GigService:72 - ISTNIEJE SONG Warsaw       Palladium            Passenger                               
2015-05-04 20:22:13 INFO  GigService:69 - DODAJE SONG Krakow       Arena                Faith No More                           
2015-05-04 20:22:13 INFO  GigService:72 - ISTNIEJE SONG Warsaw       Zone                 Rise Against                            
2015-05-04 20:22:14 INFO  GigService:72 - ISTNIEJE SONG Krakow       Kraków               Mark Knopfler                           
2015-05-04 20:22:15 INFO  GigService:69 - DODAJE SONG Warsaw       Hall                 Def Leppard                             
2015-05-04 20:22:16 INFO  GigService:72 - ISTNIEJE SONG Gdansk       Arena                Lenny Kravitz                           
2015-05-04 20:22:17 INFO  GigService:69 - DODAJE SONG Warsaw       Hall                 Roxette                                 
2015-05-04 20:22:18 INFO  GigService:72 - ISTNIEJE SONG Warsaw       Hall                 Simply Red                              
2015-05-04 20:22:19 INFO  GigService:69 - DODAJE SONG Krakow       Wisly                Limp Bizkit                             
2015-05-04 20:22:20 INFO  GigService:72 - ISTNIEJE SONG Warsaw       Torwar               Apocalyptica                            
2015-05-04 20:22:21 INFO  GigService:69 - DODAJE SONG Lodz         Arena                Deep Purple                             
2015-05-04 20:22:21 INFO  GigService:72 - ISTNIEJE SONG Lodz         Arena                Scorpions                               
2015-05-04 20:22:22 INFO  GigService:69 - DODAJE SONG Lodz         Arena                Judas Priest                            
2015-05-04 20:22:23 INFO  GigService:72 - ISTNIEJE SONG Krakow       Nowa                 Apocalyptica                            
2015-05-04 20:22:24 INFO  GigService:72 - ISTNIEJE SONG Warsaw       Hall                 Diana Krall                             
2015-05-04 20:22:25 INFO  GigService:69 - DODAJE SONG Krakow       Kraków               Foo Fighters                            
2015-05-04 20:22:26 INFO  GigService:72 - ISTNIEJE SONG Warsaw       Zone                 Editors                                 
2015-05-04 20:22:27 INFO  GigService:69 - DODAJE SONG Warsaw       Hall                 Toto                                    
2015-05-04 20:22:27 INFO  GigService:69 - DODAJE SONG Warsaw       Hall                 Manowar                                 
2015-05-04 20:22:28 INFO  GigService:72 - ISTNIEJE SONG Gdansk       Arena                Dave Matthews Band                      
2015-05-04 20:22:29 INFO  GigService:69 - DODAJE SONG Warsaw       Iskra                Fatboy Slim                             
2015-05-04 20:22:30 INFO  GigService:69 - DODAJE SONG Warsaw       Hall                 Marcus Miller                           
2015-05-04 20:22:31 INFO  GigService:72 - ISTNIEJE SONG Krakow       Kwadrat              Gojira                                  
2015-05-04 20:22:31 INFO  GigService:69 - DODAJE SONG Warsaw       Studio               Flying Lotus                            
2015-05-04 20:22:33 INFO  GigService:69 - DODAJE SONG Wrocław      Stulecia             Hans Zimmer                             
2015-05-04 20:22:34 INFO  GigService:69 - DODAJE SONG Lodz         Arena                Imagine Dragons                         
2015-05-04 20:22:35 INFO  GigService:69 - DODAJE SONG Warsaw       Palladium            Selah Sue                               
2015-05-04 20:22:35 INFO  GigService:69 - DODAJE SONG Wrocław      Orbita               Toto                                    
2015-05-04 20:22:36 INFO  GigService:69 - DODAJE SONG Warsaw       Zone                 Blind Guardian                          
2015-05-04 20:22:37 INFO  GigService:69 - DODAJE SONG Krakow       Centre               Kraftwerk                               
2015-05-04 20:22:38 INFO  GigService:69 - DODAJE SONG Warsaw       Progresja            Rotting Christ                          
2015-05-04 20:22:39 INFO  GigService:69 - DODAJE SONG Lodz         Arena                Nickelback                              
2015-05-04 20:22:40 INFO  GigService:69 - DODAJE SONG Słupsk       Charlotty            Santana                                 
2015-05-04 20:22:41 INFO  GigService:72 - ISTNIEJE SONG Warsaw       Hall                 Chris Botti                             
2015-05-04 20:22:42 INFO  GigService:69 - DODAJE SONG Gdansk       Arena                Thirty Seconds To Mars                  
2015-05-04 20:22:43 INFO  GigService:69 - DODAJE SONG Katowice     Festival             Kiasmos                                 
2015-05-04 20:22:43 INFO  GigService:72 - ISTNIEJE SONG Warsaw       Proxima              The Gaslight Anthem                     
2015-05-04 20:22:44 INFO  GigService:69 - DODAJE SONG Wrocław      Helios               Selah Sue                               
2015-05-04 20:22:45 INFO  GigService:69 - DODAJE SONG Słupsk       Charlotty            Robert Plant                            
2015-05-04 20:22:47 INFO  GigService:69 - DODAJE SONG Warsaw       Zone                 Die Krupps                              
2015-05-04 20:22:47 INFO  GigService:69 - DODAJE SONG Krakow       Kraków               Eros Ramazzotti                         
2015-05-04 20:22:48 INFO  GigService:69 - DODAJE SONG Poznan       Ziemi                Marcus Miller                           
2015-05-04 20:22:49 INFO  GigService:72 - ISTNIEJE SONG Poznan       Mtp                  Editors                                 
2015-05-04 20:22:50 INFO  GigService:69 - DODAJE SONG Krakow       Studio               Selah Sue                               
2015-05-04 20:22:51 INFO  GigService:69 - DODAJE SONG Gdansk       B90                  Selah Sue                               
2015-05-04 20:22:51 INFO  GigService:69 - DODAJE SONG Słupsk       Charlotty            Zz Top                                  
2015-05-04 20:22:52 INFO  GigService:69 - DODAJE SONG Wrocław      Switu                D.r.i.                                  
2015-05-04 20:22:53 INFO  GigService:72 - ISTNIEJE SONG Krakow       Centre               Chris Botti                             
2015-05-04 20:22:54 INFO  GigService:69 - DODAJE SONG Lodz         Wytwornia            Selah Sue                               
2015-05-04 20:22:55 INFO  GigService:69 - DODAJE SONG Warsaw       Arsenal              Yasmine Hamdan                          
2015-05-04 20:22:56 INFO  GigService:69 - DODAJE SONG Wrocław      Alibi                Cannibal Corpse                         
2015-05-04 20:22:56 INFO  GigService:69 - DODAJE SONG Warsaw       Zone                 Stratovarius                            
2015-05-04 20:22:57 INFO  GigService:72 - ISTNIEJE SONG Wrocław      Stulecia             Chris Botti                             
2015-05-04 20:22:58 INFO  GigService:72 - ISTNIEJE SONG Warsaw       Hydrozagadka         La Dispute                              
2015-05-04 20:23:00 INFO  GigService:72 - ISTNIEJE SONG Warsaw       Zone                 Machine Head                            
2015-05-04 20:23:26 INFO  GigService:69 - DODAJE ALTE Warszawa     Marii Konopnickiej 6 The Afghan Whigs                        
2015-05-04 20:23:26 INFO  GigService:69 - DODAJE ALTE Kraków       Zabłocie 23          The Afghan Whigs                        
2015-05-04 20:23:27 INFO  GigService:69 - DODAJE ALTE Warszawa     Złota 9              Royal Blood                             
2015-05-04 20:23:28 INFO  GigService:69 - DODAJE ALTE Warszawa     Mkonopnickiej 6      Warpaint - Selector - Odwołany          
2015-05-04 20:23:29 INFO  GigService:69 - DODAJE ALTE Warszawa     Marii Konopnickiej 6 Sbtrkt - Selector                       
2015-05-04 20:23:30 INFO  GigService:69 - DODAJE ALTE Kraków       Wawrzyńca 12         Jack White                              
2015-05-04 20:23:31 INFO  GigService:69 - DODAJE ALTE Katowice     Spodek               Nine Inch Nails                         
2015-05-04 20:23:32 INFO  GigService:69 - DODAJE ALTE Warszawa     Nowy Teatr           Savages                                 
2015-05-04 20:23:33 INFO  GigService:69 - DODAJE ALTE Warszawa     Stodoła              Foals                                   
2015-05-04 20:23:34 INFO  GigService:69 - DODAJE ALTE Gdynia       Lotnisko Gdyniakosak Rihanna                                 
2015-05-04 20:23:41 INFO  GigService:69 - DODAJE ALTE Warszawa     Amfiteatr W Parku So Sigur Rós                               
2015-05-04 20:23:42 INFO  GigService:69 - DODAJE ALTE Łódź         Atlas Arena          Green Day                               
2015-05-04 20:23:43 INFO  GigService:69 - DODAJE ALTE Warszawa     Hala Torwar          The Xx                                  
2015-05-04 20:23:44 INFO  GigService:69 - DODAJE ALTE Warszawa     Konopnickiej 6       Yeasayer                                
2015-05-04 20:23:45 INFO  GigService:69 - DODAJE ALTE Warszawa     Stadion Narodowy     Coldplay                                
2015-05-04 20:23:46 INFO  GigService:69 - DODAJE GOAH Poznań       Pod Minogą           The Real Mckenzies                      
2015-05-04 20:23:47 INFO  GigService:69 - DODAJE GOAH Poznań       Pod Minogą           Man Without Country                     
2015-05-04 20:23:48 INFO  GigService:69 - DODAJE GOAH Warszawa     Proxima              Beatsteaks                              
2015-05-04 20:23:49 INFO  GigService:69 - DODAJE GOAH Kraków       Hala Wisły           Rock In Summer: Limp Bizkit             
2015-05-04 20:23:50 INFO  GigService:69 - DODAJE GOAH Warszawa     Hydrozagadka         La Dispute                              
2015-05-04 20:23:50 INFO  GigService:69 - DODAJE GOAH Warszawa     Amfiteatr W Parku So Rock In Summer: Body Count Feat. Ice-t /
2015-05-04 20:23:51 INFO  GigService:69 - DODAJE GOAH Warszawa     Proxima              The Gaslight Anthem                     
2015-05-04 20:23:52 INFO  GigService:69 - DODAJE GOAH Warszawa     Hydrozagadka         The Black Dahlia Murder                 
2015-05-04 20:23:56 INFO  GigService:69 - DODAJE GOAH Wrocław      Liverpool            The Black Dahlia Murder                 
2015-05-04 20:23:58 INFO  GigService:69 - DODAJE GOAH Wrocław      Liverpool            Suicide Silence                         
2015-05-04 20:23:59 INFO  GigService:69 - DODAJE GOAH Poznań       Pod Minogą           Suicide Silence                         
2015-05-04 20:23:59 INFO  GigService:69 - DODAJE GOAH Warszawa     Palladium            Passenger                               
2015-05-04 20:24:00 INFO  GigService:69 - DODAJE GOAH Warszawa     Hydrozagadka         The Smith Street Band                   
2015-05-04 20:24:01 INFO  GigService:69 - DODAJE GOAH Poznań       Pod Minogą           The Smith Street Band                   
2015-05-04 20:24:02 INFO  GigService:69 - DODAJE GOAH Warszawa     Hydrozagadka         The Menzingers                          
2015-05-04 20:24:03 INFO  GigService:69 - DODAJE GOAH Poznań       Sala Wielka Ck Zamek Mark Lanegan Band                       
2015-05-04 20:24:24 INFO  GigService:69 - DODAJE ALTE Warszawa     Marii Konopnickiej 6 The Afghan Whigs                        
2015-05-04 20:24:24 INFO  GigService:69 - DODAJE ALTE Kraków       Zabłocie 23          The Afghan Whigs                        
2015-05-04 20:24:26 INFO  GigService:69 - DODAJE ALTE Warszawa     Złota 9              Royal Blood                             
2015-05-04 20:24:30 INFO  GigService:69 - DODAJE ALTE Warszawa     Mkonopnickiej 6      Warpaint - Selector - Odwołany          
2015-05-04 20:24:30 INFO  GigService:69 - DODAJE ALTE Warszawa     Marii Konopnickiej 6 Sbtrkt - Selector                       
2015-05-04 20:24:31 INFO  GigService:69 - DODAJE ALTE Kraków       Wawrzyńca 12         Jack White                              
2015-05-04 20:24:32 INFO  GigService:69 - DODAJE ALTE Katowice     Spodek               Nine Inch Nails                         
2015-05-04 20:24:33 INFO  GigService:69 - DODAJE ALTE Warszawa     Nowy Teatr           Savages                                 
2015-05-04 20:24:34 INFO  GigService:69 - DODAJE ALTE Warszawa     Stodoła              Foals                                   
2015-05-04 20:24:35 INFO  GigService:69 - DODAJE ALTE Gdynia       Lotnisko Gdyniakosak Rihanna                                 
2015-05-04 20:24:36 INFO  GigService:69 - DODAJE ALTE Warszawa     Amfiteatr W Parku So Sigur Rós                               
2015-05-04 20:24:37 INFO  GigService:69 - DODAJE ALTE Łódź         Atlas Arena          Green Day                               
2015-05-04 20:24:41 INFO  GigService:69 - DODAJE ALTE Warszawa     Hala Torwar          The Xx                                  
2015-05-04 20:24:42 INFO  GigService:69 - DODAJE ALTE Warszawa     Konopnickiej 6       Yeasayer                                
2015-05-04 20:24:43 INFO  GigService:69 - DODAJE ALTE Warszawa     Stadion Narodowy     Coldplay                                
2015-05-04 20:24:44 INFO  GigService:69 - DODAJE GOAH Poznań       Pod Minogą           The Real Mckenzies                      
2015-05-04 20:24:44 INFO  GigService:69 - DODAJE GOAH Poznań       Pod Minogą           Man Without Country                     
2015-05-04 20:24:45 INFO  GigService:69 - DODAJE GOAH Warszawa     Proxima              Beatsteaks                              
2015-05-04 20:24:46 INFO  GigService:69 - DODAJE GOAH Kraków       Hala Wisły           Rock In Summer: Limp Bizkit             
2015-05-04 20:24:47 INFO  GigService:69 - DODAJE GOAH Warszawa     Hydrozagadka         La Dispute                              
2015-05-04 20:24:47 INFO  GigService:69 - DODAJE GOAH Warszawa     Amfiteatr W Parku So Rock In Summer: Body Count Feat. Ice-t /
2015-05-04 20:24:48 INFO  GigService:69 - DODAJE GOAH Warszawa     Proxima              The Gaslight Anthem                     
2015-05-04 20:24:49 INFO  GigService:69 - DODAJE GOAH Warszawa     Hydrozagadka         The Black Dahlia Murder                 
2015-05-04 20:24:49 INFO  GigService:69 - DODAJE GOAH Wrocław      Liverpool            The Black Dahlia Murder                 
2015-05-04 20:24:51 INFO  GigService:69 - DODAJE GOAH Wrocław      Liverpool            Suicide Silence                         
2015-05-04 20:24:52 INFO  GigService:69 - DODAJE GOAH Poznań       Pod Minogą           Suicide Silence                         
2015-05-04 20:24:53 INFO  GigService:69 - DODAJE GOAH Warszawa     Palladium            Passenger                               
2015-05-04 20:24:54 INFO  GigService:69 - DODAJE GOAH Warszawa     Hydrozagadka         The Smith Street Band                   
2015-05-04 20:24:54 INFO  GigService:69 - DODAJE GOAH Poznań       Pod Minogą           The Smith Street Band                   
2015-05-04 20:24:55 INFO  GigService:69 - DODAJE GOAH Warszawa     Hydrozagadka         The Menzingers                          
2015-05-04 20:24:56 INFO  GigService:69 - DODAJE GOAH Poznań       Sala Wielka Ck Zamek Mark Lanegan Band                       
2015-05-04 20:24:57 INFO  GigService:69 - DODAJE GOAH Gdańsk       B90                  Matisyahu                               
2015-05-04 20:24:57 INFO  GigService:69 - DODAJE GOAH Wrocław      Eter                 Matisyahu                               
2015-05-04 20:24:58 INFO  GigService:69 - DODAJE GOAH Gdańsk       B90                  Machine Head                            
2015-05-04 20:25:02 INFO  GigService:69 - DODAJE GOAH Warszawa     Progresja            Machine Head                            
2015-05-04 20:25:03 INFO  GigService:69 - DODAJE GOAH Kraków       Fabryka              Machine Head                            
2015-05-04 20:25:04 INFO  GigService:69 - DODAJE GOAH Warszawa     Torwar               Apocalyptica                            
2015-05-04 20:25:05 INFO  GigService:69 - DODAJE GOAH Kraków       Teatr Łaźnia Nowa    Apocalyptica                            
2015-05-04 20:25:05 INFO  GigService:69 - DODAJE GOAH Warszawa     Torwar               Joe Satriani                            
2015-05-04 20:25:06 INFO  GigService:69 - DODAJE GOAH Poznań       Eskulap              Snarky Puppy                            
2015-05-04 20:25:07 INFO  GigService:69 - DODAJE GOAH Warszawa     Palladium            Snarky Puppy                            
2015-05-04 20:25:08 INFO  GigService:69 - DODAJE GOAH Warszawa     Progresja            Editors                                 
2015-05-04 20:25:08 INFO  GigService:69 - DODAJE GOAH Poznań       Hala Nr 2 Mtp        Editors                                 
2015-05-04 20:25:11 INFO  GigService:69 - DODAJE KAYA Kraków       Off Plus Camera      Skubas                                  
2015-05-04 20:25:11 INFO  GigService:69 - DODAJE KAYA Lublin                            Skubas                                  
2015-05-04 20:25:12 INFO  GigService:69 - DODAJE KAYA Kraków       Czyżynalia           Maria Peszek                            
2015-05-04 20:25:13 INFO  GigService:69 - DODAJE KAYA Goleniów     Plac Planty          Zakopower                               
2015-05-04 20:25:14 INFO  GigService:69 - DODAJE KAYA Konstancin   Park Zdrojowy        Skubas                                  
2015-05-04 20:25:14 INFO  GigService:69 - DODAJE KAYA Rzeszów      Festiwal Przestrzeni Skubas                                  
2015-05-04 20:25:15 INFO  GigService:69 - DODAJE KAYA Katowice     Juwenalia Śląskie 20 Maria Peszek                            
2015-05-04 20:25:16 INFO  GigService:69 - DODAJE KAYA Poznań       Juwenalia  Ptasia    Maria Peszek                            
2015-05-04 20:25:18 INFO  GigService:69 - DODAJE KAYA Kielce       Bohomass Lab         Maria Peszek                            
2015-05-04 20:25:18 INFO  GigService:69 - DODAJE KAYA Warszawa     Orange Warsaw Festiv Maria Peszek                            
2015-05-04 20:25:19 INFO  GigService:69 - DODAJE KAYA Transorienta Lfo Oświęcim         Kayah                                   
2015-05-04 20:25:20 INFO  GigService:69 - DODAJE KAYA Koszalin                          Skubas                                  
2015-05-04 20:25:21 INFO  GigService:69 - DODAJE KAYA Tarnów                            Skubas                                  
2015-05-04 20:25:21 INFO  GigService:69 - DODAJE KAYA Bochnia                           Skubas                                  
2015-05-04 20:25:25 INFO  GigService:69 - DODAJE KAYA Gorzów Wielk Gorzów Wielkopolski  Zakopower                               
2015-05-04 20:25:30 INFO  GigService:69 - DODAJE KAYA Opener                            Skubas                                  
2015-05-04 20:25:31 INFO  GigService:69 - DODAJE KAYA Toruń        Amfiteatr Muzeum Etn Maria Peszek                            
2015-05-04 20:25:32 INFO  GigService:69 - DODAJE KAYA Nidzica      Nidzica              Zakopower                               
2015-05-04 20:25:33 INFO  GigService:69 - DODAJE KAYA Węgorzewo    Seven Fest           Skubas                                  
2015-05-04 20:25:33 INFO  GigService:69 - DODAJE KAYA Czarnków                          Zakopower                               
2015-05-04 20:25:34 INFO  GigService:69 - DODAJE KAYA Olesno       Amfiteatr            Kayah                                   
2015-05-04 20:25:35 INFO  GigService:72 - ISTNIEJE KAYA Olesno       Olesno               Kayah                                   
2015-05-04 20:25:38 INFO  GigService:69 - DODAJE KAYA Pruszcz Gd   Faktoria Kultury     Skubas                                  
2015-05-04 20:25:38 INFO  GigService:69 - DODAJE KAYA Kępno        Na Terenie Kosir     Kayah                                   
2015-05-04 20:25:40 INFO  GigService:69 - DODAJE KAYA Koszalin                          Zakopower                               
2015-05-04 20:25:41 INFO  GigService:69 - DODAJE KAYA Grębocice    Grębocice            Zakopower                               
2015-05-04 20:25:44 INFO  GigService:69 - DODAJE LIVE Warsaw       Torwar               Def Leppard Lessdress, Exlibris         
2015-05-04 20:25:47 INFO  GigService:69 - DODAJE LIVE Lódz         Atlas Arena          Impact Festival 2015 Slipknot, Godsmack,
2015-05-04 20:25:48 INFO  GigService:69 - DODAJE LIVE Kraków       Kwadrat              Gojira                                  
2015-05-04 20:25:52 INFO  GigService:69 - DODAJE LIVE Warsaw       Torwar               Roxette Eskobar                         
2015-05-04 20:25:53 INFO  GigService:69 - DODAJE LIVE Lódz         Atlas Arena          Judas Priest Five Finger Death Punch    
2015-05-04 20:25:54 INFO  GigService:69 - DODAJE LIVE Kraków       Tauron Arena Kraków  Mark Knopfler                           
2015-05-04 20:25:54 INFO  GigService:69 - DODAJE LIVE Warsaw       Stadion Narodowy     Ac/dc                                   
2015-05-04 20:25:55 INFO  GigService:69 - DODAJE LIVE Gdansk       Ergo Arena           Lenny Kravitz                           
2015-05-04 20:25:56 INFO  GigService:69 - DODAJE LIVE Warsaw       Stadion Narodowy     Violetta                                
2015-05-04 20:25:57 INFO  GigService:69 - DODAJE LIVE Kraków       Tauron Arena Kraków  Violetta                                
2015-05-04 20:25:58 INFO  GigService:69 - DODAJE LIVE Warsaw       Stodoła              Ub40 (ali Campbell, Astro And Mickey Vir
2015-05-04 20:25:59 INFO  GigService:69 - DODAJE LIVE Kraków       Tauron Arena Kraków  Violetta                                
2015-05-04 20:26:00 INFO  GigService:69 - DODAJE LIVE Lódz         Atlas Arena          Nickelback: No Fixed Address Tour Nickel
2015-05-04 20:26:01 INFO  GigService:69 - DODAJE LIVE Warsaw       Torwar               Diana Krall                             
2015-05-04 20:26:02 INFO  GigService:69 - DODAJE LIVE Warsaw       Torwar               Simply Red                              
2015-05-04 20:26:03 INFO  GigService:69 - DODAJE LIVE Szczecin     Azoty Arena          Chris Botti                             
2015-05-04 20:26:03 INFO  GigService:69 - DODAJE LIVE Poznan       Mtp  Sala Ziemi      Chris Botti                             
2015-05-04 20:26:04 INFO  GigService:69 - DODAJE LIVE Wroclaw      Hala Stulecia        Chris Botti                             
2015-05-04 20:26:05 INFO  GigService:69 - DODAJE LIVE Lublin       Hala Globus          Chris Botti                             
2015-05-04 20:26:06 INFO  GigService:69 - DODAJE LIVE Wroclaw      Sala Audytoryjna Wck John Mayall                             
2015-05-04 20:26:07 INFO  GigService:69 - DODAJE LIVE Kraków       Ice Kraków Congress  Chris Botti                             
2015-05-04 20:26:08 INFO  GigService:69 - DODAJE LIVE Warsaw       Torwar               Chris Botti                             
2015-05-04 20:26:11 INFO  GigService:69 - DODAJE PRES Atlas Arena
 Atlas Arena
br łoacu Scorpions                               
2015-05-04 20:26:11 INFO  GigService:69 - DODAJE PRES Hala Torwar
 Hala Torwar
br warsz Spring Love Festival Indila             
2015-05-04 20:26:12 INFO  GigService:69 - DODAJE PRES Progresja
br Progresja
br warszaw Rise Against                            
2015-05-04 20:26:13 INFO  GigService:69 - DODAJE PRES Hala Torwar
 Hala Torwar
br warsz Motorhead                               
2015-05-04 20:26:14 INFO  GigService:69 - DODAJE PRES Jarocin
br j Jarocin
br jarocin   Jarocin Festiwal 2015                   
2015-05-04 20:26:15 INFO  GigService:69 - DODAJE PRES Stadion Mosi Stadion Mosir Rybnik Linkin Park                             
2015-05-04 20:26:15 INFO  GigService:69 - DODAJE PRES Ergo Arena
b Ergo Arena
br gdańsk Dave Matthews Band                      
2015-05-04 20:26:16 INFO  GigService:69 - DODAJE PRES Hala Torwar
 Hala Torwar
br warsz Manowar Torwar                          
2015-05-04 20:26:18 INFO  GigService:72 - ISTNIEJE SONG Warsaw       Narodowy             Ac/dc                                   
2015-05-04 20:26:19 INFO  GigService:72 - ISTNIEJE SONG Warsaw       Hall                 Motorhead                               
2015-05-04 20:26:20 INFO  GigService:72 - ISTNIEJE SONG Rybnik       Stadium              Linkin Park                             
2015-05-04 20:26:21 INFO  GigService:72 - ISTNIEJE SONG Warsaw       Palladium            Passenger                               
2015-05-04 20:26:24 INFO  GigService:69 - DODAJE SONG Krakow       Arena                Faith No More                           
2015-05-04 20:26:25 INFO  GigService:72 - ISTNIEJE SONG Warsaw       Zone                 Rise Against                            
2015-05-04 20:26:26 INFO  GigService:72 - ISTNIEJE SONG Krakow       Kraków               Mark Knopfler                           
2015-05-04 20:26:27 INFO  GigService:69 - DODAJE SONG Warsaw       Hall                 Def Leppard                             
2015-05-04 20:26:28 INFO  GigService:72 - ISTNIEJE SONG Gdansk       Arena                Lenny Kravitz                           
2015-05-04 20:26:29 INFO  GigService:69 - DODAJE SONG Warsaw       Hall                 Roxette                                 
2015-05-04 20:26:30 INFO  GigService:72 - ISTNIEJE SONG Warsaw       Hall                 Simply Red                              
2015-05-04 20:26:30 INFO  GigService:69 - DODAJE SONG Krakow       Wisly                Limp Bizkit                             
2015-05-04 20:26:31 INFO  GigService:72 - ISTNIEJE SONG Warsaw       Torwar               Apocalyptica                            
2015-05-04 20:26:32 INFO  GigService:69 - DODAJE SONG Lodz         Arena                Deep Purple                             
2015-05-04 20:26:33 INFO  GigService:72 - ISTNIEJE SONG Lodz         Arena                Scorpions                               
2015-05-04 20:26:34 INFO  GigService:69 - DODAJE SONG Lodz         Arena                Judas Priest                            
2015-05-04 20:26:34 INFO  GigService:72 - ISTNIEJE SONG Krakow       Nowa                 Apocalyptica                            
2015-05-04 20:26:36 INFO  GigService:72 - ISTNIEJE SONG Warsaw       Hall                 Diana Krall                             
2015-05-04 20:26:37 INFO  GigService:69 - DODAJE SONG Krakow       Kraków               Foo Fighters                            
2015-05-04 20:26:38 INFO  GigService:72 - ISTNIEJE SONG Warsaw       Zone                 Editors                                 
2015-05-04 20:26:38 INFO  GigService:69 - DODAJE SONG Warsaw       Hall                 Toto                                    
2015-05-04 20:26:39 INFO  GigService:69 - DODAJE SONG Warsaw       Hall                 Manowar                                 
2015-05-04 20:26:40 INFO  GigService:72 - ISTNIEJE SONG Gdansk       Arena                Dave Matthews Band                      
2015-05-04 20:26:41 INFO  GigService:69 - DODAJE SONG Warsaw       Iskra                Fatboy Slim                             
2015-05-04 20:26:44 INFO  GigService:69 - DODAJE SONG Warsaw       Hall                 Marcus Miller                           
2015-05-04 20:26:45 INFO  GigService:72 - ISTNIEJE SONG Krakow       Kwadrat              Gojira                                  
2015-05-04 20:26:46 INFO  GigService:69 - DODAJE SONG Warsaw       Studio               Flying Lotus                            
2015-05-04 20:26:48 INFO  GigService:69 - DODAJE SONG Wrocław      Stulecia             Hans Zimmer                             
2015-05-04 20:26:49 INFO  GigService:69 - DODAJE SONG Lodz         Arena                Imagine Dragons                         
2015-05-04 20:26:49 INFO  GigService:69 - DODAJE SONG Warsaw       Palladium            Selah Sue                               
2015-05-04 20:26:50 INFO  GigService:69 - DODAJE SONG Wrocław      Orbita               Toto                                    
2015-05-04 20:26:51 INFO  GigService:69 - DODAJE SONG Warsaw       Zone                 Blind Guardian                          
2015-05-04 20:26:52 INFO  GigService:69 - DODAJE SONG Krakow       Centre               Kraftwerk                               
2015-05-04 20:26:53 INFO  GigService:69 - DODAJE SONG Warsaw       Progresja            Rotting Christ                          
2015-05-04 20:26:54 INFO  GigService:69 - DODAJE SONG Lodz         Arena                Nickelback                              
2015-05-04 20:26:54 INFO  GigService:69 - DODAJE SONG Słupsk       Charlotty            Santana                                 
2015-05-04 20:26:56 INFO  GigService:72 - ISTNIEJE SONG Warsaw       Hall                 Chris Botti                             
2015-05-04 20:26:57 INFO  GigService:69 - DODAJE SONG Gdansk       Arena                Thirty Seconds To Mars                  
2015-05-04 20:26:58 INFO  GigService:69 - DODAJE SONG Katowice     Festival             Kiasmos                                 
2015-05-04 20:26:59 INFO  GigService:72 - ISTNIEJE SONG Warsaw       Proxima              The Gaslight Anthem                     
2015-05-04 20:26:59 INFO  GigService:69 - DODAJE SONG Wrocław      Helios               Selah Sue                               
2015-05-04 20:27:00 INFO  GigService:69 - DODAJE SONG Słupsk       Charlotty            Robert Plant                            
2015-05-04 20:27:02 INFO  GigService:69 - DODAJE SONG Krakow       Studio               Selah Sue                               
2015-05-04 20:27:03 INFO  GigService:69 - DODAJE SONG Warsaw       Zone                 Die Krupps                              
2015-05-04 20:27:04 INFO  GigService:69 - DODAJE SONG Krakow       Kraków               Eros Ramazzotti                         
2015-05-04 20:27:04 INFO  GigService:69 - DODAJE SONG Poznan       Ziemi                Marcus Miller                           
2015-05-04 20:27:05 INFO  GigService:72 - ISTNIEJE SONG Poznan       Mtp                  Editors                                 
2015-05-04 20:27:06 INFO  GigService:69 - DODAJE SONG Gdansk       B90                  Selah Sue                               
2015-05-04 20:27:07 INFO  GigService:69 - DODAJE SONG Słupsk       Charlotty            Zz Top                                  
2015-05-04 20:27:07 INFO  GigService:69 - DODAJE SONG Wrocław      Switu                D.r.i.                                  
2015-05-04 20:27:08 INFO  GigService:72 - ISTNIEJE SONG Krakow       Centre               Chris Botti                             
2015-05-04 20:27:10 INFO  GigService:69 - DODAJE SONG Lodz         Wytwornia            Selah Sue                               
2015-05-04 20:27:11 INFO  GigService:69 - DODAJE SONG Warsaw       Arsenal              Yasmine Hamdan                          
2015-05-04 20:27:12 INFO  GigService:69 - DODAJE SONG Wrocław      Alibi                Cannibal Corpse                         
2015-05-04 20:27:12 INFO  GigService:69 - DODAJE SONG Warsaw       Zone                 Stratovarius                            
2015-05-04 20:27:13 INFO  GigService:72 - ISTNIEJE SONG Wrocław      Stulecia             Chris Botti                             
2015-05-04 20:27:14 INFO  GigService:72 - ISTNIEJE SONG Warsaw       Hydrozagadka         La Dispute                              
2015-05-04 20:27:14 INFO  GigService:72 - ISTNIEJE SONG Warsaw       Zone                 Machine Head                            
2015-05-04 20:27:15 INFO  GigService:72 - ISTNIEJE SONG Wrocław      Wck                  John Mayall                             
2015-05-04 20:27:16 INFO  GigService:69 - DODAJE SONG Katowice     Katowice             Marcus Miller                           
2015-05-04 20:27:17 INFO  GigService:69 - DODAJE SONG Krakow       Zoo                  Dinner                                  
2015-05-04 20:27:18 INFO  GigService:69 - DODAJE SONG Krakow       Arena                André Rieu                              
2015-05-04 20:27:19 INFO  GigService:69 - DODAJE SONG Gdynia       Atlantic             Rotting Christ                          
2015-05-04 20:27:20 INFO  GigService:69 - DODAJE SONG Krakow       Fabryka              Testament                               
2015-05-04 20:27:20 INFO  GigService:69 - DODAJE SONG Warsaw       Kulturalna           Buke And Gase                           
2015-05-04 20:27:21 INFO  GigService:69 - DODAJE SONG Warsaw       Arsenal              Yasmine Hamdan                          
2015-05-04 20:27:22 INFO  GigService:69 - DODAJE SONG Warsaw       Hydrozagadka         Rosetta                                 
2015-05-04 20:27:23 INFO  GigService:72 - ISTNIEJE SONG Krakow       Fabryka              Machine Head                            
2015-05-04 20:27:23 INFO  GigService:72 - ISTNIEJE SONG Warsaw       Hall                 Joe Satriani                            
2015-05-04 20:27:24 INFO  GigService:69 - DODAJE SONG Krakow       Fabryka              Annihilator                             
2015-05-04 20:27:26 INFO  GigService:72 - ISTNIEJE SONG Poznan       Minogą               The Real Mckenzies                      
2015-05-04 20:27:27 INFO  GigService:69 - DODAJE SONG Gdansk       B90                  Testament                               
2015-05-04 20:27:28 INFO  GigService:69 - DODAJE SONG Warsaw       55                   Apollo Brown                            
2015-05-04 20:27:29 INFO  GigService:72 - ISTNIEJE SONG Poznan       Ziemi                Chris Botti                             
2015-05-04 20:27:29 INFO  GigService:69 - DODAJE SONG Krakow       Nowa                 Epica And Eluveitie                     
2015-05-04 20:27:30 INFO  GigService:69 - DODAJE SONG Pola Rise    Friends              Fair Weather Friends, Pola Rise, And Dog
2015-05-04 20:27:32 INFO  GigService:69 - DODAJE SONG Szczecin     Venue                Aera                                    
2015-05-04 20:27:32 INFO  GigService:69 - DODAJE SONG Lodz         Venue                Vólkova                                 
2015-05-04 20:27:34 INFO  GigService:69 - DODAJE SONG Warsaw       Venue                Vólkova                                 
2015-05-04 20:27:34 INFO  GigService:69 - DODAJE SONG Krakow       Re                   Screaming Females                       
2015-05-04 20:27:35 INFO  GigService:69 - DODAJE SONG Krakow       Rdza                 Moon Boots                              
2015-05-04 20:27:36 INFO  GigService:69 - DODAJE SONG Warsaw       Bal                  Moon Boots                              
2015-05-04 20:27:37 INFO  GigService:69 - DODAJE SONG Kielce       Kadzielnia           Perfect                                 
2015-05-04 20:27:38 INFO  GigService:69 - DODAJE SONG Gniezno      Gniezno              Ufly                                    
2015-05-04 20:27:43 INFO  GigService:69 - DODAJE SONG Krakow       Fabryka              The Real Mckenzies                      
2015-05-04 20:27:43 INFO  GigService:72 - ISTNIEJE SONG Poznan       Minoga               Man Without Country                     
2015-05-04 20:27:44 INFO  GigService:69 - DODAJE SONG Krakow       Fabryka              Accept                                  
2015-05-04 20:27:45 INFO  GigService:69 - DODAJE SONG Poznan       Las                  Shivas Nat                              
2015-05-04 20:27:46 INFO  GigService:69 - DODAJE SONG Krakow       Betel                Buke And Gase                           
2015-05-04 20:27:46 INFO  GigService:72 - ISTNIEJE SONG Wrocław      Arsenal              Yasmine Hamdan                          
2015-05-04 20:27:47 INFO  GigService:69 - DODAJE SONG Krakow       Fabryka              Sepultura                               
2015-05-04 20:27:48 INFO  GigService:69 - DODAJE SONG Warsaw       Stodoła              Fismoll                                 
2015-05-04 20:27:48 INFO  GigService:69 - DODAJE SONG Warsaw       Chmury               Coughdust And Demonic Death Judge       
2015-05-04 20:27:49 INFO  GigService:69 - DODAJE SONG Vedonist     Denied               Vesania                                 
2015-05-04 20:27:51 INFO  GigService:69 - DODAJE SONG Krakow       Centre               Leszek Mozdzer                          
2015-05-04 20:27:52 INFO  GigService:69 - DODAJE SONG Wrocław      Alibi                Kat & Roman Kostrzewski                 
2015-05-04 20:27:52 INFO  GigService:69 - DODAJE SONG Legnica      Spiżarnia            Kat & Roman Kostrzewski                 
2015-05-04 20:27:53 INFO  GigService:69 - DODAJE SONG Warsaw       Chmury               Xarah Dion                              
2015-05-04 20:27:54 INFO  GigService:69 - DODAJE SONG Sopot Arena  Gdansk               André Rieu                              
2015-05-04 20:27:55 INFO  GigService:69 - DODAJE SONG Wrocław      Miasta               Error Code                              
2015-05-04 20:27:55 INFO  GigService:69 - DODAJE SONG Warsaw       Festival             Benjamin Clementine                     
2015-05-04 20:27:57 INFO  GigService:69 - DODAJE SONG Poznan       Bazyla               Error Code                              
2015-05-04 20:28:01 INFO  GigService:69 - DODAJE SONG Nowa Sól     Cafe                 Error Code                              
2015-05-04 20:28:02 INFO  GigService:69 - DODAJE SONG Sopot        Opera                Thomas Anders                           
2015-05-04 20:28:03 INFO  GigService:69 - DODAJE SONG Poznan       Zamek                Mark Lanegan                            
2015-05-04 20:28:03 INFO  GigService:69 - DODAJE SONG Gdynia       Arena                Marcus Miller                           
2015-05-04 20:28:04 INFO  GigService:69 - DODAJE SONG Wrocław      Stulecia             Thomas Anders                           
2015-05-04 20:28:06 INFO  GigService:69 - DODAJE SONG Poznan       Arena                Thomas Anders                           
2015-05-04 20:28:07 INFO  GigService:69 - DODAJE SONG Freakshow    Fire                 Livin Fire, Freakshow, And Be Lazy      
2015-05-04 20:28:08 INFO  GigService:69 - DODAJE SONG Gdynia       Alibi                Agnostic Front                          
2015-05-04 20:28:09 INFO  GigService:69 - DODAJE SONG Krakow       Kwadrat              Agnostic Front                          
2015-05-04 20:28:11 INFO  GigService:69 - DODAJE SONG Opole        Opolska              Katy Carr                               
2015-05-04 20:28:12 INFO  GigService:69 - DODAJE SONG Wrocław      Ucho                 Agnostic Front                          
2015-05-04 20:28:13 INFO  GigService:69 - DODAJE SONG Białystok    Sepularium           Coughdust And Demonic Death Judge       
2015-05-04 20:28:14 INFO  GigService:69 - DODAJE SONG Krakow       Fabryka              Pink Freud And Daniel Drumz             
2015-05-04 20:28:15 INFO  GigService:69 - DODAJE SONG Warsaw       Skłot                Day Before Death (pl)                   
2015-05-04 20:28:16 INFO  GigService:69 - DODAJE SONG Slumberland  Crime                Blue Crime, Slumberland, The Sweet Relea
2015-05-04 20:28:17 INFO  GigService:69 - DODAJE SONG We Will Fail Cétieu               Cétieu, We Will Fail, Komora A, And Czar
2015-05-04 20:28:18 INFO  GigService:69 - DODAJE SONG Pl           Poznan               Das Moon                                
2015-05-04 20:28:18 INFO  GigService:69 - DODAJE SONG Wrocław      Venue                Tanukichi                               
2015-05-04 20:28:19 INFO  GigService:69 - DODAJE SONG Wrocław      Miasta               Wölfrider                               
2015-05-04 20:28:26 INFO  GigService:69 - DODAJE SONG Ciechanów    Zgrzyt               Day Before Death (pl)                   
2015-05-04 20:28:29 INFO  GigService:69 - DODAJE TICK Kraków       Studio               Juwenalia Krakowskie 2015               
2015-05-04 20:28:30 INFO  GigService:69 - DODAJE TICK Kraków       Studio               Juwenalia Krakowskie 2015               
2015-05-04 20:28:30 INFO  GigService:69 - DODAJE TICK Kraków       Studium Wfis Uj      Juwenalia Krakowskie 2015               
2015-05-04 20:28:31 INFO  GigService:69 - DODAJE TICK Kraków       Studio               Juwenalia Krakowskie: Wybory Superstuden
2015-05-04 20:28:32 INFO  GigService:69 - DODAJE TICK Częstochowa  Kościół Seminaryjny  Gaude Mater - Paco Pena "requiem Dla Zie
2015-05-04 20:28:33 INFO  GigService:69 - DODAJE TICK Korty Teniso Strefa Plaża         Juwenalia Agh 2015                      
2015-05-04 20:28:34 INFO  GigService:69 - DODAJE TICK Korty Teniso Strefa Plaża         Juwenalia Agh 2015                      
2015-05-04 20:28:34 INFO  GigService:69 - DODAJE TICK Korty Teniso Strefa Plaża         Juwenalia Agh 2015                      
2015-05-04 20:28:35 INFO  GigService:69 - DODAJE TICK Korty Teniso Strefa Plaża         Juwenalia Agh 2015                      
2015-05-04 20:28:36 INFO  GigService:69 - DODAJE TICK Korty Teniso Strefa Plaża         Juwenalia Agh 2015                      
2015-05-04 20:28:37 INFO  GigService:69 - DODAJE TICK Korty Teniso Strefa Plaża         Juwenalia Agh: Łąki Łan & Młoda Scena   
