2015-05-27 16:56:25 INFO  HomeController:19 - Żyję!!!
2015-05-27 17:32:56 INFO  LoginController:57 - Username: ewwd
2015-05-27 17:32:56 INFO  LoginController:58 - Password: 87865
2015-05-27 17:35:43 INFO  LoginController:38 - Dodalem uzytkownika
2015-05-27 17:35:43 INFO  LoginController:38 - Dodalem uzytkownika
2015-05-27 17:36:50 INFO  LoginController:60 - Username: admin
2015-05-27 17:36:50 INFO  LoginController:61 - Password: admin
2015-05-27 17:37:19 INFO  LoginController:38 - Dodalem uzytkownika
2015-05-27 17:38:17 INFO  LoginController:38 - Dodalem uzytkownika
2015-05-27 17:40:26 INFO  LoginController:58 - Username: admin
2015-05-27 17:40:26 INFO  LoginController:59 - Password: admin
2015-06-24 13:27:46 INFO  HomeController:19 - Żyję!!!
2015-06-24 13:45:07 INFO  LoginController:57 - Username:   byh
2015-06-24 13:45:07 INFO  LoginController:58 - Password: fds
2015-06-24 13:59:11 INFO  LoginController:57 - Username: user
2015-06-24 13:59:11 INFO  LoginController:58 - Password: user
2015-06-24 14:02:57 INFO  LoginController:57 - Username: admin
2015-06-24 14:02:59 INFO  LoginController:58 - Password: admim
2015-06-24 14:07:39 INFO  LoginController:55 - Username: admin
2015-06-24 14:07:39 INFO  LoginController:56 - Password: admin
2015-06-24 14:09:25 INFO  LoginController:55 - Username: admin
2015-06-24 14:09:25 INFO  LoginController:56 - Password: admin
2015-06-24 14:10:14 INFO  LoginController:55 - Username: admin
2015-06-24 14:10:14 INFO  LoginController:56 - Password: admin
2015-06-24 14:11:08 INFO  LoginController:55 - Username: admin
2015-06-24 14:11:08 INFO  LoginController:56 - Password: admin
2015-06-24 14:28:20 INFO  LoginController:56 - Username: admin
2015-06-24 14:28:20 INFO  LoginController:57 - Password: dupa
2015-06-24 14:29:48 INFO  LoginController:57 - Username: admin
2015-06-24 14:29:48 INFO  LoginController:58 - Password: admin
2015-06-24 14:34:28 INFO  LoginController:57 - Username: admin
2015-06-24 14:34:28 INFO  LoginController:58 - Password: admin
2015-06-24 14:35:40 INFO  LoginController:62 - Username: admin
2015-06-24 14:35:40 INFO  LoginController:63 - Password: admin
2015-06-24 14:42:15 INFO  LoginController:61 - Username: admin
2015-06-24 14:42:15 INFO  LoginController:62 - Password: admoin
2015-06-24 16:21:29 INFO  RegisterController:64 - Username: Jan
2015-06-24 16:21:29 INFO  RegisterController:65 - Password: 12345678
2015-06-24 16:23:57 INFO  RegisterController:64 - Username: jan
2015-06-24 16:23:57 INFO  RegisterController:65 - Password: 123456789
2015-07-10 10:50:34 INFO  HomeController:19 - Żyję!!!
2015-07-10 10:55:47 INFO  HomeController:19 - Żyję!!!
2015-07-10 10:57:26 INFO  HomeController:19 - Żyję!!!
2015-07-10 10:59:14 INFO  HomeController:19 - Żyję!!!
2015-07-10 11:00:58 INFO  HomeController:19 - Żyję!!!
2015-07-10 11:02:51 INFO  HomeController:19 - Żyję!!!
2015-07-10 11:04:11 INFO  HomeController:19 - Żyję!!!
2015-07-10 11:07:20 INFO  HomeController:19 - Żyję!!!
2015-07-10 11:10:12 INFO  HomeController:19 - Żyję!!!
2015-07-10 11:10:19 INFO  HomeController:19 - Żyję!!!
2015-07-10 11:45:51 INFO  HomeController:19 - Żyję!!!
2015-07-10 11:48:46 WARN  ArtistController:53 - Warn
2015-07-10 11:50:55 INFO  HomeController:19 - Żyję!!!
2015-07-10 11:58:19 INFO  HomeController:19 - Żyję!!!
